INFO:__mp_main__:params [ 7.20260571e-01 -5.89425391e+00  1.01869996e+00  8.14320141e+01
  1.26808364e+01  1.90937234e+00  4.04986460e+03  8.57556933e+03
  9.78395708e-01]
INFO:__mp_main__:visc disk time : 22.58496403694153
INFO:__mp_main__:magnetosphere time : 3.3447182178497314
INFO:__mp_main__:dust disk time : 1.4061198234558105
INFO:__mp_main__:photosphere time : 0.028079986572265625
INFO:__mp_main__:model run .. time taken 27.439481019973755 s,
 params [ 7.20260571e-01 -5.89425391e+00  1.01869996e+00  8.14320141e+01
  1.26808364e+01  1.90937234e+00  4.04986460e+03  8.57556933e+03
  9.78395708e-01]
INFO:__mp_main__:params [ 4.61097153e-01 -5.28253802e+00  1.06970224e+00  8.72146317e+01
  1.26458299e+01  1.82018184e+00  3.69327701e+03  8.04272754e+03
  9.26984400e-01]
INFO:__mp_main__:visc disk time : 28.153631925582886
INFO:__mp_main__:magnetosphere time : 3.17533016204834
INFO:__mp_main__:dust disk time : 1.1862378120422363
INFO:__mp_main__:photosphere time : 0.023377180099487305
INFO:__mp_main__:model run .. time taken 32.59904193878174 s,
 params [ 4.61097153e-01 -5.28253802e+00  1.06970224e+00  8.72146317e+01
  1.26458299e+01  1.82018184e+00  3.69327701e+03  8.04272754e+03
  9.26984400e-01]
INFO:__mp_main__:params [ 7.38361442e-01 -4.69576006e+00  1.07929588e+00  7.23500402e+01
  1.29111717e+01  1.85411515e+00  3.64508275e+03  7.68964080e+03
  1.01745971e+00]
INFO:__mp_main__:visc disk time : 31.07433819770813
INFO:__mp_main__:magnetosphere time : 3.046299695968628
INFO:__mp_main__:dust disk time : 1.1363282203674316
INFO:__mp_main__:photosphere time : 0.02703380584716797
INFO:__mp_main__:model run .. time taken 35.33575510978699 s,
 params [ 7.38361442e-01 -4.69576006e+00  1.07929588e+00  7.23500402e+01
  1.29111717e+01  1.85411515e+00  3.64508275e+03  7.68964080e+03
  1.01745971e+00]
INFO:__mp_main__:params [ 5.84107055e-01 -5.07273725e+00  9.51222993e-01  5.58551478e+01
  1.23408876e+01  1.85738072e+00  3.60869006e+03  7.01372853e+03
  9.49980768e-01]
INFO:__mp_main__:visc disk time : 32.79375600814819
INFO:__mp_main__:magnetosphere time : 2.8111889362335205
INFO:__mp_main__:dust disk time : 1.085871934890747
INFO:__mp_main__:photosphere time : 0.024784088134765625
INFO:__mp_main__:model run .. time taken 36.7603759765625 s,
 params [ 5.84107055e-01 -5.07273725e+00  9.51222993e-01  5.58551478e+01
  1.23408876e+01  1.85738072e+00  3.60869006e+03  7.01372853e+03
  9.49980768e-01]
INFO:__mp_main__:params [ 8.26087816e-01 -5.31501042e+00  9.75678868e-01  4.08015909e+01
  1.20191525e+01  2.08920941e+00  4.10095911e+03  7.51999954e+03
  9.42741743e-01]
INFO:__mp_main__:visc disk time : 33.37837076187134
INFO:__mp_main__:magnetosphere time : 2.7935662269592285
INFO:__mp_main__:dust disk time : 1.0418896675109863
INFO:__mp_main__:photosphere time : 0.02146315574645996
INFO:__mp_main__:model run .. time taken 37.26912879943848 s,
 params [ 8.26087816e-01 -5.31501042e+00  9.75678868e-01  4.08015909e+01
  1.20191525e+01  2.08920941e+00  4.10095911e+03  7.51999954e+03
  9.42741743e-01]
INFO:__mp_main__:params [ 8.52468593e-01 -5.51699174e+00  1.04926547e+00  4.77667615e+01
  1.16857958e+01  2.01335217e+00  3.77048004e+03  8.05288418e+03
  1.00091470e+00]
INFO:__mp_main__:visc disk time : 21.868542909622192
INFO:__mp_main__:magnetosphere time : 2.084352970123291
INFO:__mp_main__:dust disk time : 0.7601630687713623
INFO:__mp_main__:photosphere time : 0.017473220825195312
INFO:__mp_main__:model run .. time taken 24.762896060943604 s,
 params [ 8.52468593e-01 -5.51699174e+00  1.04926547e+00  4.77667615e+01
  1.16857958e+01  2.01335217e+00  3.77048004e+03  8.05288418e+03
  1.00091470e+00]
INFO:__mp_main__:params [ 2.79264363e-01 -4.02869135e+00  9.52410988e-01  4.82104420e+01
  1.24399385e+01  2.03101862e+00  3.88731359e+03  7.57240864e+03
  1.08221286e+00]
INFO:__mp_main__:visc disk time : 51.23167014122009
INFO:__mp_main__:magnetosphere time : 1.8270988464355469
INFO:__mp_main__:dust disk time : 0.5946559906005859
INFO:__mp_main__:photosphere time : 0.012380838394165039
INFO:__mp_main__:model run .. time taken 53.696044921875 s,
 params [ 2.79264363e-01 -4.02869135e+00  9.52410988e-01  4.82104420e+01
  1.24399385e+01  2.03101862e+00  3.88731359e+03  7.57240864e+03
  1.08221286e+00]
INFO:__mp_main__:params [ 8.50945125e-01 -5.26849990e+00  1.01860153e+00  5.77032971e+01
  1.16788560e+01  2.01183046e+00  4.18842646e+03  7.98786643e+03
  1.06716124e+00]
INFO:__mp_main__:visc disk time : 19.370381832122803
INFO:__mp_main__:magnetosphere time : 1.7228202819824219
INFO:__mp_main__:dust disk time : 0.626154899597168
INFO:__mp_main__:photosphere time : 0.014394998550415039
INFO:__mp_main__:model run .. time taken 21.759850025177002 s,
 params [ 8.50945125e-01 -5.26849990e+00  1.01860153e+00  5.77032971e+01
  1.16788560e+01  2.01183046e+00  4.18842646e+03  7.98786643e+03
  1.06716124e+00]
INFO:__mp_main__:params [ 6.07130734e-01 -4.63014961e+00  1.01115975e+00  2.46179119e+01
  1.11878466e+01  1.83525997e+00  4.08887396e+03  8.41671557e+03
  1.05512544e+00]
INFO:__mp_main__:visc disk time : 54.6554012298584
INFO:__mp_main__:magnetosphere time : 1.5928738117218018
INFO:__mp_main__:dust disk time : 0.5675327777862549
INFO:__mp_main__:photosphere time : 0.011316061019897461
INFO:__mp_main__:model run .. time taken 56.8534791469574 s,
 params [ 6.07130734e-01 -4.63014961e+00  1.01115975e+00  2.46179119e+01
  1.11878466e+01  1.83525997e+00  4.08887396e+03  8.41671557e+03
  1.05512544e+00]
INFO:__mp_main__:params [ 3.84444825e-01 -4.26312803e+00  1.07739383e+00  2.11717835e+01
  1.11157932e+01  2.05262668e+00  3.65796843e+03  7.70188865e+03
  9.28313045e-01]
INFO:__mp_main__:visc disk time : 71.03592681884766
INFO:__mp_main__:magnetosphere time : 1.5380609035491943
INFO:__mp_main__:dust disk time : 0.5150351524353027
INFO:__mp_main__:photosphere time : 0.013743877410888672
INFO:__mp_main__:model run .. time taken 73.12965202331543 s,
 params [ 3.84444825e-01 -4.26312803e+00  1.07739383e+00  2.11717835e+01
  1.11157932e+01  2.05262668e+00  3.65796843e+03  7.70188865e+03
  9.28313045e-01]
INFO:__mp_main__:params [ 6.80543225e-01 -5.96452198e+00  9.07808109e-01  5.29957657e+01
  1.10228582e+01  1.85088533e+00  4.06421761e+03  7.86331737e+03
  1.00801391e+00]
INFO:__mp_main__:visc disk time : 23.71574592590332
INFO:__mp_main__:magnetosphere time : 3.234691858291626
INFO:__mp_main__:dust disk time : 1.3188681602478027
INFO:__mp_main__:photosphere time : 0.022758960723876953
INFO:__mp_main__:model run .. time taken 28.34127402305603 s,
 params [ 6.80543225e-01 -5.96452198e+00  9.07808109e-01  5.29957657e+01
  1.10228582e+01  1.85088533e+00  4.06421761e+03  7.86331737e+03
  1.00801391e+00]
INFO:__mp_main__:params [ 9.20200493e-01 -5.57409310e+00  1.09953191e+00  3.12847083e+01
  1.14868081e+01  2.18393272e+00  3.74090056e+03  8.59967911e+03
  1.04084415e+00]
INFO:__mp_main__:visc disk time : 34.69758319854736
INFO:__mp_main__:magnetosphere time : 3.002065896987915
INFO:__mp_main__:dust disk time : 1.0894677639007568
INFO:__mp_main__:photosphere time : 0.015355348587036133
INFO:__mp_main__:model run .. time taken 38.84619498252869 s,
 params [ 9.20200493e-01 -5.57409310e+00  1.09953191e+00  3.12847083e+01
  1.14868081e+01  2.18393272e+00  3.74090056e+03  8.59967911e+03
  1.04084415e+00]
INFO:__mp_main__:params [ 5.53703595e-01 -4.56194150e+00  1.00918009e+00  6.05065568e+01
  1.10180474e+01  2.11945164e+00  4.14255293e+03  7.25380784e+03
  9.34688938e-01]
INFO:__mp_main__:visc disk time : 36.17656707763672
INFO:__mp_main__:magnetosphere time : 2.8756468296051025
INFO:__mp_main__:dust disk time : 1.1637513637542725
INFO:__mp_main__:photosphere time : 0.03286576271057129
INFO:__mp_main__:model run .. time taken 40.2963011264801 s,
 params [ 5.53703595e-01 -4.56194150e+00  1.00918009e+00  6.05065568e+01
  1.10180474e+01  2.11945164e+00  4.14255293e+03  7.25380784e+03
  9.34688938e-01]
INFO:__mp_main__:params [ 6.25853109e-01 -4.24717836e+00  9.42422153e-01  6.56417568e+01
  1.10987832e+01  1.84099202e+00  3.89339919e+03  8.49261572e+03
  1.00755387e+00]
INFO:__mp_main__:visc disk time : 36.949432134628296
INFO:__mp_main__:magnetosphere time : 2.9072039127349854
INFO:__mp_main__:dust disk time : 1.1626930236816406
INFO:__mp_main__:photosphere time : 0.022324085235595703
INFO:__mp_main__:model run .. time taken 41.095645904541016 s,
 params [ 6.25853109e-01 -4.24717836e+00  9.42422153e-01  6.56417568e+01
  1.10987832e+01  1.84099202e+00  3.89339919e+03  8.49261572e+03
  1.00755387e+00]
INFO:__mp_main__:params [ 1.89238951e-01 -5.90844964e+00  9.18180547e-01  3.37157008e+01
  1.23054977e+01  1.90526899e+00  3.84485178e+03  7.18275433e+03
  9.35616370e-01]
INFO:__mp_main__:visc disk time : 41.19393181800842
INFO:__mp_main__:magnetosphere time : 3.0974199771881104
INFO:__mp_main__:dust disk time : 1.474323034286499
INFO:__mp_main__:photosphere time : 0.023648977279663086
INFO:__mp_main__:model run .. time taken 45.852887868881226 s,
 params [ 1.89238951e-01 -5.90844964e+00  9.18180547e-01  3.37157008e+01
  1.23054977e+01  1.90526899e+00  3.84485178e+03  7.18275433e+03
  9.35616370e-01]
INFO:__mp_main__:params [ 9.26370032e-01 -4.20486367e+00  1.08330551e+00  3.90928797e+01
  1.18583080e+01  2.15837807e+00  3.95926428e+03  8.92810269e+03
  9.41341196e-01]
INFO:__mp_main__:visc disk time : 44.770846128463745
INFO:__mp_main__:magnetosphere time : 3.3575191497802734
INFO:__mp_main__:dust disk time : 1.2271308898925781
INFO:__mp_main__:photosphere time : 0.024425029754638672
INFO:__mp_main__:model run .. time taken 49.427958250045776 s,
 params [ 9.26370032e-01 -4.20486367e+00  1.08330551e+00  3.90928797e+01
  1.18583080e+01  2.15837807e+00  3.95926428e+03  8.92810269e+03
  9.41341196e-01]
INFO:__mp_main__:params [ 8.00179935e-01 -5.95566373e+00  9.26320994e-01  4.68700295e+01
  1.28263180e+01  1.86471049e+00  3.74855501e+03  8.99012311e+03
  1.03515278e+00]
INFO:__mp_main__:visc disk time : 22.99805212020874
INFO:__mp_main__:magnetosphere time : 3.044306993484497
INFO:__mp_main__:dust disk time : 1.1973109245300293
INFO:__mp_main__:photosphere time : 0.029397010803222656
INFO:__mp_main__:model run .. time taken 27.319586038589478 s,
 params [ 8.00179935e-01 -5.95566373e+00  9.26320994e-01  4.68700295e+01
  1.28263180e+01  1.86471049e+00  3.74855501e+03  8.99012311e+03
  1.03515278e+00]
INFO:__mp_main__:params [ 5.87565093e-01 -5.14584784e+00  1.01402102e+00  4.26298981e+01
  1.23907213e+01  2.10280096e+00  3.95654185e+03  7.42170420e+03
  9.94762044e-01]
INFO:__mp_main__:visc disk time : 35.85374617576599
INFO:__mp_main__:magnetosphere time : 3.1041171550750732
INFO:__mp_main__:dust disk time : 1.240912914276123
INFO:__mp_main__:photosphere time : 0.019008874893188477
INFO:__mp_main__:model run .. time taken 40.264689207077026 s,
 params [ 5.87565093e-01 -5.14584784e+00  1.01402102e+00  4.26298981e+01
  1.23907213e+01  2.10280096e+00  3.95654185e+03  7.42170420e+03
  9.94762044e-01]
INFO:__mp_main__:params [ 4.72245007e-01 -4.22900176e+00  1.02905461e+00  2.07252668e+01
  1.28909747e+01  2.02868776e+00  4.02492575e+03  8.40953589e+03
  1.04805295e+00]
INFO:__mp_main__:visc disk time : 88.52514410018921
INFO:__mp_main__:magnetosphere time : 3.210339069366455
INFO:__mp_main__:dust disk time : 1.1700708866119385
INFO:__mp_main__:photosphere time : 0.020389080047607422
INFO:__mp_main__:model run .. time taken 92.98594617843628 s,
 params [ 4.72245007e-01 -4.22900176e+00  1.02905461e+00  2.07252668e+01
  1.28909747e+01  2.02868776e+00  4.02492575e+03  8.40953589e+03
  1.04805295e+00]
INFO:__mp_main__:params [ 2.43928866e-01 -5.88298271e+00  1.00123429e+00  2.77069698e+01
  1.26884308e+01  1.84806689e+00  4.19930942e+03  8.24209040e+03
  1.06769197e+00]
INFO:__mp_main__:visc disk time : 45.88264298439026
INFO:__mp_main__:magnetosphere time : 3.1455371379852295
INFO:__mp_main__:dust disk time : 1.310025930404663
INFO:__mp_main__:photosphere time : 0.023392915725708008
INFO:__mp_main__:model run .. time taken 50.411673069000244 s,
 params [ 2.43928866e-01 -5.88298271e+00  1.00123429e+00  2.77069698e+01
  1.26884308e+01  1.84806689e+00  4.19930942e+03  8.24209040e+03
  1.06769197e+00]
INFO:__mp_main__:params [ 4.88943265e-01 -4.96808086e+00  1.08556916e+00  3.43742607e+01
  1.15234264e+01  1.93478347e+00  3.63474679e+03  7.82896801e+03
  1.03964620e+00]
INFO:__mp_main__:visc disk time : 44.85629415512085
INFO:__mp_main__:magnetosphere time : 3.0843348503112793
INFO:__mp_main__:dust disk time : 1.315627098083496
INFO:__mp_main__:photosphere time : 0.02051711082458496
INFO:__mp_main__:model run .. time taken 49.31120419502258 s,
 params [ 4.88943265e-01 -4.96808086e+00  1.08556916e+00  3.43742607e+01
  1.15234264e+01  1.93478347e+00  3.63474679e+03  7.82896801e+03
  1.03964620e+00]
INFO:__mp_main__:params [ 9.47960458e-01 -5.56574229e+00  1.03972860e+00  1.20913373e+01
  1.28542671e+01  2.10272072e+00  3.89521286e+03  7.12470442e+03
  9.19240279e-01]
INFO:__mp_main__:visc disk time : 69.61845970153809
INFO:__mp_main__:magnetosphere time : 2.950465202331543
INFO:__mp_main__:dust disk time : 1.1286888122558594
INFO:__mp_main__:photosphere time : 0.027318954467773438
INFO:__mp_main__:model run .. time taken 73.77894973754883 s,
 params [ 9.47960458e-01 -5.56574229e+00  1.03972860e+00  1.20913373e+01
  1.28542671e+01  2.10272072e+00  3.89521286e+03  7.12470442e+03
  9.19240279e-01]
INFO:__mp_main__:params [ 8.72530807e-01 -5.02437921e+00  9.60635042e-01  1.80466856e+01
  1.16614906e+01  1.92960407e+00  4.29727160e+03  7.75094885e+03
  1.03702517e+00]
INFO:__mp_main__:visc disk time : 61.60472822189331
INFO:__mp_main__:magnetosphere time : 2.905003070831299
INFO:__mp_main__:dust disk time : 1.0612530708312988
INFO:__mp_main__:photosphere time : 0.012779712677001953
INFO:__mp_main__:model run .. time taken 65.62420320510864 s,
 params [ 8.72530807e-01 -5.02437921e+00  9.60635042e-01  1.80466856e+01
  1.16614906e+01  1.92960407e+00  4.29727160e+03  7.75094885e+03
  1.03702517e+00]
INFO:__mp_main__:params [ 3.32884880e-01 -4.99281037e+00  9.07903121e-01  1.93689964e+01
  1.17921240e+01  2.03387351e+00  3.85579241e+03  7.66657068e+03
  9.89018371e-01]
INFO:__mp_main__:visc disk time : 76.50514197349548
INFO:__mp_main__:magnetosphere time : 2.1006991863250732
INFO:__mp_main__:dust disk time : 0.8099808692932129
INFO:__mp_main__:photosphere time : 0.017238140106201172
INFO:__mp_main__:model run .. time taken 79.47472715377808 s,
 params [ 3.32884880e-01 -4.99281037e+00  9.07903121e-01  1.93689964e+01
  1.17921240e+01  2.03387351e+00  3.85579241e+03  7.66657068e+03
  9.89018371e-01]
INFO:__mp_main__:params [ 7.69753733e-01 -4.65926194e+00  9.56411311e-01  3.77594759e+01
  1.23392003e+01  2.19800263e+00  3.76121448e+03  7.08678547e+03
  9.38701589e-01]
INFO:__mp_main__:visc disk time : 38.41134023666382
INFO:__mp_main__:magnetosphere time : 1.7501916885375977
INFO:__mp_main__:dust disk time : 0.6324901580810547
INFO:__mp_main__:photosphere time : 0.013067960739135742
INFO:__mp_main__:model run .. time taken 40.834617137908936 s,
 params [ 7.69753733e-01 -4.65926194e+00  9.56411311e-01  3.77594759e+01
  1.23392003e+01  2.19800263e+00  3.76121448e+03  7.08678547e+03
  9.38701589e-01]
INFO:__mp_main__:params [ 8.93810239e-01 -4.85550101e+00  9.47306811e-01  1.26329317e+01
  1.26605075e+01  1.90866399e+00  4.07748945e+03  8.27527852e+03
  1.00915864e+00]
INFO:__mp_main__:visc disk time : 64.44141507148743
INFO:__mp_main__:magnetosphere time : 1.6542680263519287
INFO:__mp_main__:dust disk time : 0.6110658645629883
INFO:__mp_main__:photosphere time : 0.017646074295043945
INFO:__mp_main__:model run .. time taken 66.75771403312683 s,
 params [ 8.93810239e-01 -4.85550101e+00  9.47306811e-01  1.26329317e+01
  1.26605075e+01  1.90866399e+00  4.07748945e+03  8.27527852e+03
  1.00915864e+00]
INFO:__mp_main__:params [ 4.38846070e-01 -4.44067920e+00  9.42938658e-01  1.74619994e+01
  1.14368396e+01  2.16411848e+00  3.84496879e+03  7.57485888e+03
  9.05090066e-01]
INFO:__mp_main__:visc disk time : 68.16575384140015
INFO:__mp_main__:magnetosphere time : 1.5971672534942627
INFO:__mp_main__:dust disk time : 0.548635721206665
INFO:__mp_main__:photosphere time : 0.013496160507202148
INFO:__mp_main__:model run .. time taken 70.3493447303772 s,
 params [ 4.38846070e-01 -4.44067920e+00  9.42938658e-01  1.74619994e+01
  1.14368396e+01  2.16411848e+00  3.84496879e+03  7.57485888e+03
  9.05090066e-01]
INFO:__mp_main__:params [ 7.45396935e-01 -4.77527764e+00  9.21855396e-01  5.78984579e+00
  1.28634048e+01  2.04802951e+00  3.78533876e+03  8.47235848e+03
  9.15922315e-01]
INFO:__mp_main__:visc disk time : 176.2257752418518
INFO:__mp_main__:magnetosphere time : 1.5190520286560059
INFO:__mp_main__:dust disk time : 0.5171117782592773
INFO:__mp_main__:photosphere time : 0.012729167938232422
INFO:__mp_main__:model run .. time taken 178.29962420463562 s,
 params [ 7.45396935e-01 -4.77527764e+00  9.21855396e-01  5.78984579e+00
  1.28634048e+01  2.04802951e+00  3.78533876e+03  8.47235848e+03
  9.15922315e-01]
INFO:__mp_main__:params [ 6.64094502e-01 -5.52385201e+00  9.95950820e-01  4.14063670e+01
  1.22566404e+01  1.89534927e+00  3.69879339e+03  8.48241849e+03
  1.03711749e+00]
INFO:__mp_main__:visc disk time : 17.5919029712677
INFO:__mp_main__:magnetosphere time : 1.6603500843048096
INFO:__mp_main__:dust disk time : 0.685528039932251
INFO:__mp_main__:photosphere time : 0.01762104034423828
INFO:__mp_main__:model run .. time taken 19.98606014251709 s,
 params [ 6.64094502e-01 -5.52385201e+00  9.95950820e-01  4.14063670e+01
  1.22566404e+01  1.89534927e+00  3.69879339e+03  8.48241849e+03
  1.03711749e+00]
INFO:__mp_main__:params [ 4.27608299e-01 -4.96962295e+00  9.14557219e-01  1.82314777e+01
  1.19387679e+01  2.01272939e+00  3.89323037e+03  7.76936312e+03
  9.92419457e-01]
INFO:__mp_main__:visc disk time : 44.72946095466614
INFO:__mp_main__:magnetosphere time : 1.5734760761260986
INFO:__mp_main__:dust disk time : 0.6163649559020996
INFO:__mp_main__:photosphere time : 0.01688408851623535
INFO:__mp_main__:model run .. time taken 46.96553421020508 s,
 params [ 4.27608299e-01 -4.96962295e+00  9.14557219e-01  1.82314777e+01
  1.19387679e+01  2.01272939e+00  3.89323037e+03  7.76936312e+03
  9.92419457e-01]
INFO:__mp_main__:params [ 5.20354163e-01 -4.52964479e+00  9.37332879e-01  1.43585177e+01
  1.18161457e+01  2.13325186e+00  3.82911391e+03  7.81349295e+03
  9.07970227e-01]
INFO:__mp_main__:visc disk time : 64.48191785812378
INFO:__mp_main__:magnetosphere time : 1.5209989547729492
INFO:__mp_main__:dust disk time : 0.5612480640411377
INFO:__mp_main__:photosphere time : 0.014508962631225586
INFO:__mp_main__:model run .. time taken 66.60490298271179 s,
 params [ 5.20354163e-01 -4.52964479e+00  9.37332879e-01  1.43585177e+01
  1.18161457e+01  2.13325186e+00  3.82911391e+03  7.81349295e+03
  9.07970227e-01]
INFO:__mp_main__:params [ 4.66882779e-01 -5.46816384e+00  1.05218187e+00  4.58560807e+01
  1.24248490e+01  2.03973907e+00  4.08592729e+03  7.64355540e+03
  1.03189666e+00]
INFO:__mp_main__:visc disk time : 25.392464876174927
INFO:__mp_main__:magnetosphere time : 2.0887691974639893
INFO:__mp_main__:dust disk time : 0.7614748477935791
INFO:__mp_main__:photosphere time : 0.019962310791015625
INFO:__mp_main__:model run .. time taken 28.295619010925293 s,
 params [ 4.66882779e-01 -5.46816384e+00  1.05218187e+00  4.58560807e+01
  1.24248490e+01  2.03973907e+00  4.08592729e+03  7.64355540e+03
  1.03189666e+00]
INFO:__mp_main__:params [ 5.07810152e-01 -4.75765511e+00  1.00800291e+00  5.56472644e+01
  1.12655164e+01  2.07924571e+00  4.15096146e+03  7.40022292e+03
  9.54393473e-01]
INFO:__mp_main__:visc disk time : 27.063863039016724
INFO:__mp_main__:magnetosphere time : 1.9314780235290527
INFO:__mp_main__:dust disk time : 0.7755126953125
INFO:__mp_main__:photosphere time : 0.015633106231689453
INFO:__mp_main__:model run .. time taken 29.81880283355713 s,
 params [ 5.07810152e-01 -4.75765511e+00  1.00800291e+00  5.56472644e+01
  1.12655164e+01  2.07924571e+00  4.15096146e+03  7.40022292e+03
  9.54393473e-01]
INFO:__mp_main__:params [ 8.07040761e-01 -5.10795418e+00  9.65680890e-01  2.35013902e+01
  1.25079566e+01  1.90363468e+00  3.93444632e+03  8.35352056e+03
  1.01971941e+00]
INFO:__mp_main__:visc disk time : 35.921873807907104
INFO:__mp_main__:magnetosphere time : 1.6806910037994385
INFO:__mp_main__:dust disk time : 0.645449161529541
INFO:__mp_main__:photosphere time : 0.013775825500488281
INFO:__mp_main__:model run .. time taken 38.2925009727478 s,
 params [ 8.07040761e-01 -5.10795418e+00  9.65680890e-01  2.35013902e+01
  1.25079566e+01  1.90363468e+00  3.93444632e+03  8.35352056e+03
  1.01971941e+00]
INFO:__mp_main__:params [ 7.72740623e-01 -4.89007075e+00  9.56563132e-01  1.79121502e+01
  1.16097987e+01  1.98356547e+00  4.19319743e+03  7.71043082e+03
  1.00666710e+00]
INFO:__mp_main__:visc disk time : 46.76103496551514
INFO:__mp_main__:magnetosphere time : 1.6560211181640625
INFO:__mp_main__:dust disk time : 0.6237878799438477
INFO:__mp_main__:photosphere time : 0.015587091445922852
INFO:__mp_main__:model run .. time taken 49.085777044296265 s,
 params [ 7.72740623e-01 -4.89007075e+00  9.56563132e-01  1.79121502e+01
  1.16097987e+01  1.98356547e+00  4.19319743e+03  7.71043082e+03
  1.00666710e+00]
