INFO:__main__:params [ 9.07512872e-01 -5.52898504e+00  9.54918486e-01  8.07599932e+01
  1.19549089e+01  1.81773937e+00  3.64877939e+03  7.83981861e+03
  1.05022562e+00]
INFO:__main__:visc disk time : 41.56060218811035
INFO:__main__:magnetosphere time : 9.323662281036377
INFO:__main__:dust disk time : 2.1040561199188232
INFO:__main__:photosphere time : 0.024769306182861328
INFO:__main__:model run .. time taken 53.12031412124634 s,
 params [ 9.07512872e-01 -5.52898504e+00  9.54918486e-01  8.07599932e+01
  1.19549089e+01  1.81773937e+00  3.64877939e+03  7.83981861e+03
  1.05022562e+00]
INFO:__main__:params [ 8.56229575e-01 -5.87746008e+00  1.02211765e+00  4.24330135e+01
  1.22681482e+01  2.05231958e+00  3.77344312e+03  8.23782655e+03
  1.04525186e+00]
INFO:__main__:visc disk time : 46.085253953933716
INFO:__main__:magnetosphere time : 8.91047978401184
INFO:__main__:dust disk time : 2.0558314323425293
INFO:__main__:photosphere time : 0.02805781364440918
INFO:__main__:model run .. time taken 57.16850137710571 s,
 params [ 8.56229575e-01 -5.87746008e+00  1.02211765e+00  4.24330135e+01
  1.22681482e+01  2.05231958e+00  3.77344312e+03  8.23782655e+03
  1.04525186e+00]
INFO:__main__:params [ 9.70046055e-01 -5.72489289e+00  9.78931802e-01  4.47575699e+01
  1.21322051e+01  2.19058055e+00  4.15266290e+03  7.64366275e+03
  1.01834266e+00]
INFO:__main__:visc disk time : 47.39763855934143
INFO:__main__:magnetosphere time : 8.82155966758728
INFO:__main__:dust disk time : 2.3825643062591553
INFO:__main__:photosphere time : 0.041718482971191406
INFO:__main__:model run .. time taken 58.75222158432007 s,
 params [ 9.70046055e-01 -5.72489289e+00  9.78931802e-01  4.47575699e+01
  1.21322051e+01  2.19058055e+00  4.15266290e+03  7.64366275e+03
  1.01834266e+00]
INFO:__main__:params [ 4.39074745e-01 -5.70754553e+00  9.92470867e-01  6.59332368e+01
  1.26978765e+01  1.96393314e+00  3.73487468e+03  8.56923713e+03
  1.03727249e+00]
INFO:__main__:visc disk time : 47.6315438747406
INFO:__main__:magnetosphere time : 9.738329887390137
INFO:__main__:dust disk time : 2.4234728813171387
INFO:__main__:photosphere time : 0.035907745361328125
INFO:__main__:model run .. time taken 59.922478437423706 s,
 params [ 4.39074745e-01 -5.70754553e+00  9.92470867e-01  6.59332368e+01
  1.26978765e+01  1.96393314e+00  3.73487468e+03  8.56923713e+03
  1.03727249e+00]
INFO:__main__:params [ 4.02599570e-01 -4.82026245e+00  1.07427433e+00  6.82851928e+01
  1.12802888e+01  1.81195465e+00  4.33065438e+03  8.39477690e+03
  1.08157431e+00]
INFO:__main__:visc disk time : 56.05478572845459
INFO:__main__:magnetosphere time : 9.204337358474731
INFO:__main__:dust disk time : 2.529045581817627
INFO:__main__:photosphere time : 0.07075929641723633
INFO:__main__:model run .. time taken 67.95797753334045 s,
 params [ 4.02599570e-01 -4.82026245e+00  1.07427433e+00  6.82851928e+01
  1.12802888e+01  1.81195465e+00  4.33065438e+03  8.39477690e+03
  1.08157431e+00]
INFO:__main__:params [ 5.06238823e-01 -4.85197645e+00  9.80226244e-01  5.04591465e+01
  1.16591016e+01  1.88316020e+00  4.21275909e+03  8.00147561e+03
  1.09452822e+00]
INFO:__main__:visc disk time : 58.95076942443848
INFO:__main__:magnetosphere time : 11.462678909301758
INFO:__main__:dust disk time : 3.7269482612609863
INFO:__main__:photosphere time : 0.03857731819152832
INFO:__main__:model run .. time taken 74.33969306945801 s,
 params [ 5.06238823e-01 -4.85197645e+00  9.80226244e-01  5.04591465e+01
  1.16591016e+01  1.88316020e+00  4.21275909e+03  8.00147561e+03
  1.09452822e+00]
INFO:__main__:params [ 3.34428405e-01 -4.29420044e+00  1.02833323e+00  7.54916646e+01
  1.12996497e+01  2.12661824e+00  4.08483345e+03  8.60956777e+03
  9.83687520e-01]
INFO:__main__:visc disk time : 65.14038825035095
INFO:__main__:magnetosphere time : 10.281991481781006
INFO:__main__:dust disk time : 3.274419069290161
INFO:__main__:photosphere time : 0.04182553291320801
INFO:__main__:model run .. time taken 78.84106636047363 s,
 params [ 3.34428405e-01 -4.29420044e+00  1.02833323e+00  7.54916646e+01
  1.12996497e+01  2.12661824e+00  4.08483345e+03  8.60956777e+03
  9.83687520e-01]
INFO:__main__:params [ 4.35711003e-01 -5.31911013e+00  9.82806733e-01  8.48030705e+01
  1.23447956e+01  2.19724959e+00  4.34571443e+03  8.54038285e+03
  1.00713205e+00]
INFO:__main__:visc disk time : 45.83175301551819
INFO:__main__:magnetosphere time : 9.22911548614502
INFO:__main__:dust disk time : 2.6360697746276855
INFO:__main__:photosphere time : 0.04812264442443848
INFO:__main__:model run .. time taken 57.84748864173889 s,
 params [ 4.35711003e-01 -5.31911013e+00  9.82806733e-01  8.48030705e+01
  1.23447956e+01  2.19724959e+00  4.34571443e+03  8.54038285e+03
  1.00713205e+00]
INFO:__main__:params [ 8.73890836e-01 -5.92445662e+00  9.39972853e-01  5.75611396e+01
  1.20895175e+01  1.89893798e+00  4.33717117e+03  7.54797824e+03
  9.03855146e-01]
INFO:__main__:visc disk time : 35.31678771972656
INFO:__main__:magnetosphere time : 9.275490283966064
INFO:__main__:dust disk time : 2.6891660690307617
INFO:__main__:photosphere time : 0.03354620933532715
INFO:__main__:model run .. time taken 47.41689991950989 s,
 params [ 8.73890836e-01 -5.92445662e+00  9.39972853e-01  5.75611396e+01
  1.20895175e+01  1.89893798e+00  4.33717117e+03  7.54797824e+03
  9.03855146e-01]
INFO:__main__:params [ 8.38349527e-01 -4.27690142e+00  9.19947353e-01  3.90140807e+01
  1.29778987e+01  1.87516725e+00  3.95941402e+03  7.84354825e+03
  9.24619301e-01]
INFO:__main__:visc disk time : 73.65589785575867
INFO:__main__:magnetosphere time : 10.59031081199646
INFO:__main__:dust disk time : 2.5938637256622314
INFO:__main__:photosphere time : 0.05567145347595215
INFO:__main__:model run .. time taken 87.01081657409668 s,
 params [ 8.38349527e-01 -4.27690142e+00  9.19947353e-01  3.90140807e+01
  1.29778987e+01  1.87516725e+00  3.95941402e+03  7.84354825e+03
  9.24619301e-01]
INFO:__main__:params [ 2.16496612e-01 -4.16091919e+00  1.01918506e+00  5.67629597e+01
  1.17739981e+01  1.94260004e+00  3.61816344e+03  8.32767032e+03
  1.07340394e+00]
INFO:__main__:visc disk time : 86.2415132522583
INFO:__main__:magnetosphere time : 10.200944900512695
INFO:__main__:dust disk time : 2.7822277545928955
INFO:__main__:photosphere time : 0.03610515594482422
INFO:__main__:model run .. time taken 99.35846161842346 s,
 params [ 2.16496612e-01 -4.16091919e+00  1.01918506e+00  5.67629597e+01
  1.17739981e+01  1.94260004e+00  3.61816344e+03  8.32767032e+03
  1.07340394e+00]
INFO:__main__:params [ 3.05998574e-01 -5.18964249e+00  9.03308902e-01  7.76348085e+01
  1.17407636e+01  2.07587223e+00  4.15628453e+03  8.05030503e+03
  1.00958777e+00]
INFO:__main__:visc disk time : 48.932302474975586
INFO:__main__:magnetosphere time : 9.425666093826294
INFO:__main__:dust disk time : 2.9686129093170166
INFO:__main__:photosphere time : 0.04128146171569824
INFO:__main__:model run .. time taken 61.47663736343384 s,
 params [ 3.05998574e-01 -5.18964249e+00  9.03308902e-01  7.76348085e+01
  1.17407636e+01  2.07587223e+00  4.15628453e+03  8.05030503e+03
  1.00958777e+00]
INFO:__main__:params [ 7.99105375e-01 -5.31294825e+00  9.96276900e-01  6.14741671e+01
  1.21258839e+01  2.15447663e+00  3.89804585e+03  7.71131971e+03
  9.80040606e-01]
INFO:__main__:visc disk time : 35.76721787452698
INFO:__main__:magnetosphere time : 8.548163652420044
INFO:__main__:dust disk time : 1.930802822113037
INFO:__main__:photosphere time : 0.021919727325439453
INFO:__main__:model run .. time taken 46.336998462677 s,
 params [ 7.99105375e-01 -5.31294825e+00  9.96276900e-01  6.14741671e+01
  1.21258839e+01  2.15447663e+00  3.89804585e+03  7.71131971e+03
  9.80040606e-01]
INFO:__main__:params [ 5.88723582e-01 -5.50930036e+00  1.04043687e+00  8.50150200e+00
  1.17900853e+01  1.89972641e+00  4.15274258e+03  8.05797629e+03
  1.09800061e+00]
INFO:__main__:visc disk time : 164.08415174484253
INFO:__main__:magnetosphere time : 6.694504022598267
INFO:__main__:dust disk time : 1.8680517673492432
INFO:__main__:photosphere time : 0.026180028915405273
INFO:__main__:model run .. time taken 172.74310564994812 s,
 params [ 5.88723582e-01 -5.50930036e+00  1.04043687e+00  8.50150200e+00
  1.17900853e+01  1.89972641e+00  4.15274258e+03  8.05797629e+03
  1.09800061e+00]
INFO:__main__:params [ 2.10791930e-01 -4.81914799e+00  9.23593426e-01  1.24891306e+01
  1.22387570e+01  2.06291929e+00  4.34913297e+03  7.99451841e+03
  9.82530147e-01]
INFO:__main__:visc disk time : 206.67361521720886
INFO:__main__:magnetosphere time : 5.162526845932007
INFO:__main__:dust disk time : 1.195620059967041
INFO:__main__:photosphere time : 0.018940448760986328
INFO:__main__:model run .. time taken 213.11691641807556 s,
 params [ 2.10791930e-01 -4.81914799e+00  9.23593426e-01  1.24891306e+01
  1.22387570e+01  2.06291929e+00  4.34913297e+03  7.99451841e+03
  9.82530147e-01]
INFO:__main__:params [ 4.16848185e-01 -4.49286231e+00  1.04691924e+00  1.40262354e+01
  1.29699658e+01  1.84529448e+00  3.93541495e+03  7.07240006e+03
  1.06166002e+00]
INFO:__main__:visc disk time : 147.7049961090088
INFO:__main__:magnetosphere time : 5.1987738609313965
INFO:__main__:dust disk time : 1.1434581279754639
INFO:__main__:photosphere time : 0.015924692153930664
INFO:__main__:model run .. time taken 154.12686228752136 s,
 params [ 4.16848185e-01 -4.49286231e+00  1.04691924e+00  1.40262354e+01
  1.29699658e+01  1.84529448e+00  3.93541495e+03  7.07240006e+03
  1.06166002e+00]
INFO:__main__:params [ 5.03197142e-01 -4.03054252e+00  9.68469043e-01  1.20689315e+01
  1.26199606e+01  1.81237601e+00  3.82239928e+03  7.06072326e+03
  1.01185058e+00]
INFO:__main__:visc disk time : 215.25204157829285
INFO:__main__:magnetosphere time : 3.668464422225952
INFO:__main__:dust disk time : 0.8706133365631104
INFO:__main__:photosphere time : 0.013419866561889648
INFO:__main__:model run .. time taken 219.85383677482605 s,
 params [ 5.03197142e-01 -4.03054252e+00  9.68469043e-01  1.20689315e+01
  1.26199606e+01  1.81237601e+00  3.82239928e+03  7.06072326e+03
  1.01185058e+00]
INFO:__main__:params [ 2.14272850e-01 -4.81043282e+00  9.34183434e-01  8.63449866e+00
  1.11714178e+01  1.89990884e+00  3.82337959e+03  7.83102814e+03
  1.09347932e+00]
INFO:__main__:visc disk time : 287.5243353843689
INFO:__main__:magnetosphere time : 3.4982502460479736
INFO:__main__:dust disk time : 0.7051742076873779
INFO:__main__:photosphere time : 0.011125564575195312
INFO:__main__:model run .. time taken 291.77972865104675 s,
 params [ 2.14272850e-01 -4.81043282e+00  9.34183434e-01  8.63449866e+00
  1.11714178e+01  1.89990884e+00  3.82337959e+03  7.83102814e+03
  1.09347932e+00]
INFO:__main__:params [ 8.64356752e-01 -5.87574596e+00  9.40705763e-01  5.63910993e+01
  1.21031603e+01  1.89671164e+00  4.32393145e+03  7.53544625e+03
  9.06632742e-01]
INFO:__main__:visc disk time : 17.450613975524902
INFO:__main__:magnetosphere time : 5.201955318450928
INFO:__main__:dust disk time : 0.9419670104980469
INFO:__main__:photosphere time : 0.015139579772949219
INFO:__main__:model run .. time taken 23.66864037513733 s,
 params [ 8.64356752e-01 -5.87574596e+00  9.40705763e-01  5.63910993e+01
  1.21031603e+01  1.89671164e+00  4.32393145e+03  7.53544625e+03
  9.06632742e-01]
INFO:__main__:params [ 8.82761626e-01 -5.93929377e+00  1.01906710e+00  4.09209633e+01
  1.23259264e+01  2.06637812e+00  3.74085278e+03  8.22864679e+03
  1.04312742e+00]
INFO:__main__:visc disk time : 19.620058298110962
INFO:__main__:magnetosphere time : 5.275177955627441
INFO:__main__:dust disk time : 1.1318163871765137
INFO:__main__:photosphere time : 0.017397165298461914
INFO:__main__:model run .. time taken 26.106669902801514 s,
 params [ 8.82761626e-01 -5.93929377e+00  1.01906710e+00  4.09209633e+01
  1.23259264e+01  2.06637812e+00  3.74085278e+03  8.22864679e+03
  1.04312742e+00]
INFO:__main__:params [ 9.65110616e-01 -5.35445934e+00  1.02757473e+00  5.60336598e+01
  1.22555353e+01  2.18093893e+00  3.81110937e+03  7.59719972e+03
  9.70093503e-01]
INFO:__main__:visc disk time : 19.670220613479614
INFO:__main__:magnetosphere time : 5.272384166717529
INFO:__main__:dust disk time : 1.128692626953125
INFO:__main__:photosphere time : 0.015148162841796875
INFO:__main__:model run .. time taken 26.146749258041382 s,
 params [ 9.65110616e-01 -5.35445934e+00  1.02757473e+00  5.60336598e+01
  1.22555353e+01  2.18093893e+00  3.81110937e+03  7.59719972e+03
  9.70093503e-01]
INFO:__main__:params [ 7.63230624e-01 -5.29565245e+00  9.89979512e-01  4.80525095e+01
  1.20338934e+01  2.12252105e+00  4.00596684e+03  7.83139206e+03
  1.03345451e+00]
INFO:__main__:visc disk time : 22.879966974258423
INFO:__main__:magnetosphere time : 5.272403717041016
INFO:__main__:dust disk time : 0.766392707824707
INFO:__main__:photosphere time : 0.010789871215820312
INFO:__main__:model run .. time taken 28.968902587890625 s,
 params [ 7.63230624e-01 -5.29565245e+00  9.89979512e-01  4.80525095e+01
  1.20338934e+01  2.12252105e+00  4.00596684e+03  7.83139206e+03
  1.03345451e+00]
INFO:__main__:params [ 5.63027311e-01 -5.33464451e+00  9.25361821e-01  7.89702086e+01
  1.18322685e+01  1.96557134e+00  3.93942617e+03  7.96036360e+03
  1.02695244e+00]
INFO:__main__:visc disk time : 27.27639150619507
INFO:__main__:magnetosphere time : 7.140527009963989
INFO:__main__:dust disk time : 1.1903421878814697
INFO:__main__:photosphere time : 0.018184185028076172
INFO:__main__:model run .. time taken 35.690783739089966 s,
 params [ 5.63027311e-01 -5.33464451e+00  9.25361821e-01  7.89702086e+01
  1.18322685e+01  1.96557134e+00  3.93942617e+03  7.96036360e+03
  1.02695244e+00]
INFO:__main__:params [ 3.56333211e-01 -5.67482099e+00  1.00254212e+00  6.77897251e+01
  1.28135827e+01  1.97701155e+00  3.62026965e+03  8.77036825e+03
  1.06268935e+00]
INFO:__main__:visc disk time : 26.860241413116455
INFO:__main__:magnetosphere time : 8.022127151489258
INFO:__main__:dust disk time : 1.2111330032348633
INFO:__main__:photosphere time : 0.016399145126342773
INFO:__main__:model run .. time taken 36.17113780975342 s,
 params [ 3.56333211e-01 -5.67482099e+00  1.00254212e+00  6.77897251e+01
  1.28135827e+01  1.97701155e+00  3.62026965e+03  8.77036825e+03
  1.06268935e+00]
INFO:__main__:params [ 3.50395634e-01 -4.81995913e+00  1.03326378e+00  5.30992801e+01
  1.15411534e+01  1.88025924e+00  4.33568367e+03  8.28583927e+03
  1.05461764e+00]
INFO:__main__:visc disk time : 31.65041732788086
INFO:__main__:magnetosphere time : 5.428025722503662
INFO:__main__:dust disk time : 1.0767362117767334
INFO:__main__:photosphere time : 0.016573667526245117
INFO:__main__:model run .. time taken 38.23121523857117 s,
 params [ 3.50395634e-01 -4.81995913e+00  1.03326378e+00  5.30992801e+01
  1.15411534e+01  1.88025924e+00  4.33568367e+03  8.28583927e+03
  1.05461764e+00]
INFO:__main__:params [ 5.85923353e-01 -4.98954548e+00  9.83250405e-01  4.97129291e+01
  1.17753120e+01  1.95737797e+00  4.14863976e+03  7.94873841e+03
  1.07559131e+00]
INFO:__main__:visc disk time : 33.00198197364807
INFO:__main__:magnetosphere time : 6.330600261688232
INFO:__main__:dust disk time : 1.0549304485321045
INFO:__main__:photosphere time : 0.015724897384643555
INFO:__main__:model run .. time taken 40.462886810302734 s,
 params [ 5.85923353e-01 -4.98954548e+00  9.83250405e-01  4.97129291e+01
  1.17753120e+01  1.95737797e+00  4.14863976e+03  7.94873841e+03
  1.07559131e+00]
INFO:__main__:params [ 3.35781919e-01 -4.40849297e+00  1.01281306e+00  5.48625315e+01
  1.18307015e+01  1.98185484e+00  3.70277359e+03  8.21939334e+03
  1.06468786e+00]
INFO:__main__:visc disk time : 41.98562550544739
INFO:__main__:magnetosphere time : 3.390488862991333
INFO:__main__:dust disk time : 0.641491174697876
INFO:__main__:photosphere time : 0.01068425178527832
INFO:__main__:model run .. time taken 46.06562805175781 s,
 params [ 3.35781919e-01 -4.40849297e+00  1.01281306e+00  5.48625315e+01
  1.18307015e+01  1.98185484e+00  3.70277359e+03  8.21939334e+03
  1.06468786e+00]
INFO:__main__:params [ 8.39288273e-01 -5.73194473e+00  9.52920389e-01  5.43240197e+01
  1.20859895e+01  1.95268826e+00  4.24511019e+03  7.60880920e+03
  9.38070994e-01]
INFO:__main__:visc disk time : 18.842793703079224
INFO:__main__:magnetosphere time : 5.368806600570679
INFO:__main__:dust disk time : 1.5280935764312744
INFO:__main__:photosphere time : 0.022960662841796875
INFO:__main__:model run .. time taken 25.829092025756836 s,
 params [ 8.39288273e-01 -5.73194473e+00  9.52920389e-01  5.43240197e+01
  1.20859895e+01  1.95268826e+00  4.24511019e+03  7.60880920e+03
  9.38070994e-01]
INFO:__main__:params [ 3.15434815e-01 -4.94215131e+00  9.38003043e-01  7.04198804e+01
  1.17692586e+01  2.04608475e+00  4.01259891e+03  8.10387719e+03
  1.02704510e+00]
INFO:__main__:visc disk time : 26.450644731521606
INFO:__main__:magnetosphere time : 5.368884801864624
INFO:__main__:dust disk time : 0.9484174251556396
INFO:__main__:photosphere time : 0.015116214752197266
INFO:__main__:model run .. time taken 32.84228706359863 s,
 params [ 3.15434815e-01 -4.94215131e+00  9.38003043e-01  7.04198804e+01
  1.17692586e+01  2.04608475e+00  4.01259891e+03  8.10387719e+03
  1.02704510e+00]
INFO:__main__:params [ 3.51593436e-01 -4.99241256e+00  1.02706623e+00  5.60628203e+01
  1.17978437e+01  1.89977733e+00  4.19136140e+03  8.38358452e+03
  1.05624597e+00]
INFO:__main__:visc disk time : 27.841353178024292
INFO:__main__:magnetosphere time : 5.406049728393555
INFO:__main__:dust disk time : 1.0644199848175049
INFO:__main__:photosphere time : 0.015506744384765625
INFO:__main__:model run .. time taken 34.38618326187134 s,
 params [ 3.51593436e-01 -4.99241256e+00  1.02706623e+00  5.60628203e+01
  1.17978437e+01  1.89977733e+00  4.19136140e+03  8.38358452e+03
  1.05624597e+00]
INFO:__main__:params [ 6.70591860e-01 -5.51435558e+00  1.01847490e+00  2.70582053e+01
  1.18324136e+01  1.87867132e+00  4.02331979e+03  8.00195122e+03
  1.08573152e+00]
INFO:__main__:visc disk time : 31.909186363220215
INFO:__main__:magnetosphere time : 4.5495445728302
INFO:__main__:dust disk time : 0.6734054088592529
INFO:__main__:photosphere time : 0.011835336685180664
INFO:__main__:model run .. time taken 37.18225598335266 s,
 params [ 6.70591860e-01 -5.51435558e+00  1.01847490e+00  2.70582053e+01
  1.18324136e+01  1.87867132e+00  4.02331979e+03  8.00195122e+03
  1.08573152e+00]
INFO:__main__:params [ 3.27273091e-01 -4.63166021e+00  9.81528725e-01  6.13683620e+01
  1.18050071e+01  2.00871474e+00  3.83233750e+03  8.17108637e+03
  1.04894627e+00]
INFO:__main__:visc disk time : 17.46424674987793
INFO:__main__:magnetosphere time : 3.0687127113342285
INFO:__main__:dust disk time : 0.6914396286010742
INFO:__main__:photosphere time : 0.012049674987792969
INFO:__main__:model run .. time taken 21.275696277618408 s,
 params [ 3.27273091e-01 -4.63166021e+00  9.81528725e-01  6.13683620e+01
  1.18050071e+01  2.00871474e+00  3.83233750e+03  8.17108637e+03
  1.04894627e+00]
INFO:__main__:params [ 9.74020197e-01 -5.36421569e+00  1.02849407e+00  5.61418961e+01
  1.22671158e+01  2.18672069e+00  3.80331082e+03  7.58935019e+03
  9.67677444e-01]
INFO:__main__:visc disk time : 20.664889097213745
INFO:__main__:magnetosphere time : 5.2087013721466064
INFO:__main__:dust disk time : 1.4436519145965576
INFO:__main__:photosphere time : 0.022305011749267578
INFO:__main__:model run .. time taken 27.40987801551819 s,
 params [ 9.74020197e-01 -5.36421569e+00  1.02849407e+00  5.61418961e+01
  1.22671158e+01  2.18672069e+00  3.80331082e+03  7.58935019e+03
  9.67677444e-01]
INFO:__main__:params [ 3.95655640e-01 -5.49860778e+00  9.92765541e-01  7.62178515e+01
  1.25813534e+01  2.08611379e+00  3.97964284e+03  8.65643733e+03
  1.03516719e+00]
INFO:__main__:visc disk time : 21.327272176742554
INFO:__main__:magnetosphere time : 5.273644924163818
INFO:__main__:dust disk time : 1.463963270187378
INFO:__main__:photosphere time : 0.02046513557434082
INFO:__main__:model run .. time taken 28.15690565109253 s,
 params [ 3.95655640e-01 -5.49860778e+00  9.92765541e-01  7.62178515e+01
  1.25813534e+01  2.08611379e+00  3.97964284e+03  8.65643733e+03
  1.03516719e+00]
INFO:__main__:params [ 2.39659188e-01 -4.82006691e+00  9.20833723e-01  7.96714443e+01
  1.17557839e+01  2.08180376e+00  4.01031152e+03  8.12562392e+03
  1.01452388e+00]
INFO:__main__:visc disk time : 28.912816762924194
INFO:__main__:magnetosphere time : 4.798784255981445
INFO:__main__:dust disk time : 0.7253599166870117
INFO:__main__:photosphere time : 0.012026309967041016
INFO:__main__:model run .. time taken 34.49374985694885 s,
 params [ 2.39659188e-01 -4.82006691e+00  9.20833723e-01  7.96714443e+01
  1.17557839e+01  2.08180376e+00  4.01031152e+03  8.12562392e+03
  1.01452388e+00]
INFO:__main__:params [ 3.26648757e-01 -4.81982116e+00  1.01460863e+00  4.61914102e+01
  1.16598172e+01  1.91133009e+00  4.33797142e+03  8.23628500e+03
  1.04235541e+00]
INFO:__main__:visc disk time : 31.8783175945282
INFO:__main__:magnetosphere time : 3.8213067054748535
INFO:__main__:dust disk time : 0.6898548603057861
INFO:__main__:photosphere time : 0.010847330093383789
INFO:__main__:model run .. time taken 36.439972162246704 s,
 params [ 3.26648757e-01 -4.81982116e+00  1.01460863e+00  4.61914102e+01
  1.16598172e+01  1.91133009e+00  4.33797142e+03  8.23628500e+03
  1.04235541e+00]
INFO:__main__:params [ 6.79418996e-01 -5.19907965e+00  9.98766861e-01  4.90770788e+01
  1.19338598e+01  2.07333831e+00  4.07290424e+03  7.92365159e+03
  1.03775094e+00]
INFO:__main__:visc disk time : 31.15046262741089
INFO:__main__:magnetosphere time : 5.653687477111816
INFO:__main__:dust disk time : 1.1369786262512207
INFO:__main__:photosphere time : 0.01715683937072754
INFO:__main__:model run .. time taken 38.02188539505005 s,
 params [ 6.79418996e-01 -5.19907965e+00  9.98766861e-01  4.90770788e+01
  1.19338598e+01  2.07333831e+00  4.07290424e+03  7.92365159e+03
  1.03775094e+00]
INFO:__main__:params [ 6.18815431e-01 -4.97525232e+00  9.91842414e-01  5.18267611e+01
  1.18054268e+01  1.95621529e+00  4.11422097e+03  7.90229320e+03
  1.06400022e+00]
INFO:__main__:visc disk time : 32.34213900566101
INFO:__main__:magnetosphere time : 7.545297384262085
INFO:__main__:dust disk time : 1.2829928398132324
INFO:__main__:photosphere time : 0.01985335350036621
INFO:__main__:model run .. time taken 41.25867819786072 s,
 params [ 6.18815431e-01 -4.97525232e+00  9.91842414e-01  5.18267611e+01
  1.18054268e+01  1.95621529e+00  4.11422097e+03  7.90229320e+03
  1.06400022e+00]
INFO:__main__:params [ 5.53366971e-01 -5.32549102e+00  9.91913958e-01  4.13703741e+01
  1.18115684e+01  1.93392862e+00  4.01978120e+03  8.03559341e+03
  1.06636119e+00]
INFO:__main__:visc disk time : 35.082730293273926
INFO:__main__:magnetosphere time : 5.594310522079468
INFO:__main__:dust disk time : 1.4118034839630127
INFO:__main__:photosphere time : 0.020441293716430664
INFO:__main__:model run .. time taken 42.17519474029541 s,
 params [ 5.53366971e-01 -5.32549102e+00  9.91913958e-01  4.13703741e+01
  1.18115684e+01  1.93392862e+00  4.01978120e+03  8.03559341e+03
  1.06636119e+00]
INFO:__main__:params [ 3.32926457e-01 -4.24474525e+00  1.02786944e+00  7.75979915e+01
  1.12769328e+01  2.14979186e+00  4.06123737e+03  8.64001911e+03
  9.77015518e-01]
INFO:__main__:visc disk time : 45.626771211624146
INFO:__main__:magnetosphere time : 4.949904441833496
INFO:__main__:dust disk time : 0.9136133193969727
INFO:__main__:photosphere time : 0.013345003128051758
INFO:__main__:model run .. time taken 51.55247974395752 s,
 params [ 3.32926457e-01 -4.24474525e+00  1.02786944e+00  7.75979915e+01
  1.12769328e+01  2.14979186e+00  4.06123737e+03  8.64001911e+03
  9.77015518e-01]
INFO:__main__:params [ 5.23045382e-01 -4.43845100e+00  1.01492870e+00  2.03219191e+01
  1.29719645e+01  1.85282092e+00  3.94146151e+03  7.26669072e+03
  1.02713263e+00]
INFO:__main__:visc disk time : 59.23219299316406
INFO:__main__:magnetosphere time : 3.140876054763794
INFO:__main__:dust disk time : 0.743109941482544
INFO:__main__:photosphere time : 0.012583017349243164
INFO:__main__:model run .. time taken 63.1686487197876 s,
 params [ 5.23045382e-01 -4.43845100e+00  1.01492870e+00  2.03219191e+01
  1.29719645e+01  1.85282092e+00  3.94146151e+03  7.26669072e+03
  1.02713263e+00]
INFO:__main__:params [ 4.55398022e-01 -4.94094920e+00  1.02225466e+00  5.18156608e+01
  1.16664792e+01  1.94187725e+00  4.25182194e+03  8.17025304e+03
  1.04923491e+00]
INFO:__main__:visc disk time : 25.273394107818604
INFO:__main__:magnetosphere time : 4.714874982833862
INFO:__main__:dust disk time : 0.9515419006347656
INFO:__main__:photosphere time : 0.015451908111572266
INFO:__main__:model run .. time taken 31.01134419441223 s,
 params [ 4.55398022e-01 -4.94094920e+00  1.02225466e+00  5.18156608e+01
  1.16664792e+01  1.94187725e+00  4.25182194e+03  8.17025304e+03
  1.04923491e+00]
INFO:__main__:params [ 3.36532497e-01 -4.19496703e+00  1.04209657e+00  7.96447625e+01
  1.11510443e+01  2.16128893e+00  4.15908240e+03  8.73850760e+03
  9.64497534e-01]
INFO:__main__:visc disk time : 27.953758478164673
INFO:__main__:magnetosphere time : 4.591037750244141
INFO:__main__:dust disk time : 0.7815446853637695
INFO:__main__:photosphere time : 0.013178110122680664
INFO:__main__:model run .. time taken 33.38835000991821 s,
 params [ 3.36532497e-01 -4.19496703e+00  1.04209657e+00  7.96447625e+01
  1.11510443e+01  2.16128893e+00  4.15908240e+03  8.73850760e+03
  9.64497534e-01]
INFO:__main__:params [ 8.18978717e-01 -4.26266261e+00  9.22751762e-01  3.74567313e+01
  1.29572110e+01  1.87153810e+00  3.95149497e+03  7.79830330e+03
  9.29661009e-01]
INFO:__main__:visc disk time : 32.23497152328491
INFO:__main__:magnetosphere time : 3.510917901992798
INFO:__main__:dust disk time : 0.6518502235412598
INFO:__main__:photosphere time : 0.010689258575439453
INFO:__main__:model run .. time taken 36.44681739807129 s,
 params [ 8.18978717e-01 -4.26266261e+00  9.22751762e-01  3.74567313e+01
  1.29572110e+01  1.87153810e+00  3.95149497e+03  7.79830330e+03
  9.29661009e-01]
INFO:__main__:params [ 9.31417594e-01 -5.45655185e+00  9.85072921e-01  7.04978530e+01
  1.20796775e+01  1.96847765e+00  3.71615100e+03  7.73912479e+03
  1.01696849e+00]
INFO:__main__:visc disk time : 21.748698472976685
INFO:__main__:magnetosphere time : 6.910427093505859
INFO:__main__:dust disk time : 2.3701858520507812
INFO:__main__:photosphere time : 0.03238630294799805
INFO:__main__:model run .. time taken 31.152622938156128 s,
 params [ 9.31417594e-01 -5.45655185e+00  9.85072921e-01  7.04978530e+01
  1.20796775e+01  1.96847765e+00  3.71615100e+03  7.73912479e+03
  1.01696849e+00]
INFO:__main__:params [ 5.66965236e-01 -5.27545638e+00  9.88479990e-01  4.12579409e+01
  1.18672211e+01  1.93112476e+00  4.01690071e+03  8.02642976e+03
  1.05959781e+00]
INFO:__main__:visc disk time : 35.41364049911499
INFO:__main__:magnetosphere time : 6.174723863601685
INFO:__main__:dust disk time : 1.4107041358947754
INFO:__main__:photosphere time : 0.020969152450561523
INFO:__main__:model run .. time taken 43.090739727020264 s,
 params [ 5.66965236e-01 -5.27545638e+00  9.88479990e-01  4.12579409e+01
  1.18672211e+01  1.93112476e+00  4.01690071e+03  8.02642976e+03
  1.05959781e+00]
INFO:__main__:params [ 8.62083480e-01 -5.40955666e+00  9.79615144e-01  4.68440662e+01
  1.21518794e+01  2.18053036e+00  3.92701653e+03  7.72257521e+03
  1.02838702e+00]
INFO:__main__:visc disk time : 36.062174797058105
INFO:__main__:magnetosphere time : 7.57551908493042
INFO:__main__:dust disk time : 2.035217761993408
INFO:__main__:photosphere time : 0.02742624282836914
INFO:__main__:model run .. time taken 45.78978633880615 s,
 params [ 8.62083480e-01 -5.40955666e+00  9.79615144e-01  4.68440662e+01
  1.21518794e+01  2.18053036e+00  3.92701653e+03  7.72257521e+03
  1.02838702e+00]
INFO:__main__:params [ 3.32929489e-01 -4.61949658e+00  9.85447225e-01  6.01867056e+01
  1.18081850e+01  2.00399608e+00  3.82084741e+03  8.17402145e+03
  1.05116860e+00]
INFO:__main__:visc disk time : 47.60408067703247
INFO:__main__:magnetosphere time : 5.506450653076172
INFO:__main__:dust disk time : 1.1620244979858398
INFO:__main__:photosphere time : 0.01788020133972168
INFO:__main__:model run .. time taken 54.35148477554321 s,
 params [ 3.32929489e-01 -4.61949658e+00  9.85447225e-01  6.01867056e+01
  1.18081850e+01  2.00399608e+00  3.82084741e+03  8.17402145e+03
  1.05116860e+00]
INFO:__main__:params [ 4.31608600e-01 -4.62462961e+00  9.29225695e-01  1.92142391e+01
  1.18005278e+01  1.89129254e+00  3.87075381e+03  7.83538829e+03
  1.03467353e+00]
INFO:__main__:visc disk time : 74.05125164985657
INFO:__main__:magnetosphere time : 3.890404462814331
INFO:__main__:dust disk time : 0.9117541313171387
INFO:__main__:photosphere time : 0.013245820999145508
INFO:__main__:model run .. time taken 78.91468858718872 s,
 params [ 4.31608600e-01 -4.62462961e+00  9.29225695e-01  1.92142391e+01
  1.18005278e+01  1.89129254e+00  3.87075381e+03  7.83538829e+03
  1.03467353e+00]
INFO:__main__:params [ 1.47609918e-01 -4.77431012e+00  9.14883913e-01  8.84182474e+00
  1.22373516e+01  2.05303392e+00  4.39419802e+03  8.02779797e+03
  9.83571845e-01]
INFO:__main__:visc disk time : 162.27192664146423
INFO:__main__:magnetosphere time : 3.157015562057495
INFO:__main__:dust disk time : 0.6908683776855469
INFO:__main__:photosphere time : 0.015270709991455078
INFO:__main__:model run .. time taken 166.17425799369812 s,
 params [ 1.47609918e-01 -4.77431012e+00  9.14883913e-01  8.84182474e+00
  1.22373516e+01  2.05303392e+00  4.39419802e+03  8.02779797e+03
  9.83571845e-01]
INFO:__main__:params [ 4.41931501e-01 -5.44976102e+00  9.93744231e-01  7.17917598e+01
  1.24757608e+01  2.08403037e+00  3.99485183e+03  8.53693532e+03
  1.03558855e+00]
INFO:__main__:visc disk time : 34.34624719619751
INFO:__main__:magnetosphere time : 7.260631084442139
INFO:__main__:dust disk time : 1.0414011478424072
INFO:__main__:photosphere time : 0.01775336265563965
INFO:__main__:model run .. time taken 42.7286012172699 s,
 params [ 4.41931501e-01 -5.44976102e+00  9.93744231e-01  7.17917598e+01
  1.24757608e+01  2.08403037e+00  3.99485183e+03  8.53693532e+03
  1.03558855e+00]
INFO:__main__:params [ 3.89533679e-01 -4.76545383e+00  9.78049977e-01  6.05117763e+01
  1.18391743e+01  2.00190197e+00  3.88253029e+03  8.10271397e+03
  1.03546393e+00]
INFO:__main__:visc disk time : 37.53775501251221
INFO:__main__:magnetosphere time : 5.573457479476929
INFO:__main__:dust disk time : 1.5291965007781982
INFO:__main__:photosphere time : 0.02141284942626953
INFO:__main__:model run .. time taken 44.732147455215454 s,
 params [ 3.89533679e-01 -4.76545383e+00  9.78049977e-01  6.05117763e+01
  1.18391743e+01  2.00190197e+00  3.88253029e+03  8.10271397e+03
  1.03546393e+00]
INFO:__main__:params [ 7.30641688e-01 -4.39677253e+00  9.44960101e-01  4.21231580e+01
  1.26607607e+01  1.87629122e+00  4.04246938e+03  7.94117676e+03
  9.53314307e-01]
INFO:__main__:visc disk time : 38.54240369796753
INFO:__main__:magnetosphere time : 5.654386758804321
INFO:__main__:dust disk time : 1.4737420082092285
INFO:__main__:photosphere time : 0.02008986473083496
INFO:__main__:model run .. time taken 45.76290321350098 s,
 params [ 7.30641688e-01 -4.39677253e+00  9.44960101e-01  4.21231580e+01
  1.26607607e+01  1.87629122e+00  4.04246938e+03  7.94117676e+03
  9.53314307e-01]
INFO:__main__:params [ 4.17533793e-01 -5.08401356e+00  9.61257027e-01  2.91880728e+01
  1.20230979e+01  1.98641876e+00  4.15628776e+03  8.01304145e+03
  1.02726430e+00]
INFO:__main__:visc disk time : 49.39311957359314
INFO:__main__:magnetosphere time : 4.940671443939209
INFO:__main__:dust disk time : 0.8739304542541504
INFO:__main__:photosphere time : 0.014373540878295898
INFO:__main__:model run .. time taken 55.270334243774414 s,
 params [ 4.17533793e-01 -5.08401356e+00  9.61257027e-01  2.91880728e+01
  1.20230979e+01  1.98641876e+00  4.15628776e+03  8.01304145e+03
  1.02726430e+00]
INFO:__main__:params [ 6.10344729e-01 -4.56936557e+00  9.82752412e-01  2.02135966e+01
  1.25369575e+01  1.88407849e+00  3.79937945e+03  7.39041741e+03
  1.02067975e+00]
INFO:__main__:visc disk time : 59.21550464630127
INFO:__main__:magnetosphere time : 2.9959568977355957
INFO:__main__:dust disk time : 0.6415703296661377
INFO:__main__:photosphere time : 0.010396718978881836
INFO:__main__:model run .. time taken 62.90139102935791 s,
 params [ 6.10344729e-01 -4.56936557e+00  9.82752412e-01  2.02135966e+01
  1.25369575e+01  1.88407849e+00  3.79937945e+03  7.39041741e+03
  1.02067975e+00]
INFO:__main__:params [ 8.70213315e-01 -5.91745525e+00  1.01715035e+00  4.16770685e+01
  1.23148017e+01  2.06667911e+00  3.74611050e+03  8.22663660e+03
  1.04256931e+00]
INFO:__main__:visc disk time : 35.07925295829773
INFO:__main__:magnetosphere time : 8.396677494049072
INFO:__main__:dust disk time : 2.293659210205078
INFO:__main__:photosphere time : 0.03229641914367676
INFO:__main__:model run .. time taken 45.91252541542053 s,
 params [ 8.70213315e-01 -5.91745525e+00  1.01715035e+00  4.16770685e+01
  1.23148017e+01  2.06667911e+00  3.74611050e+03  8.22663660e+03
  1.04256931e+00]
INFO:__main__:params [ 8.91277998e-01 -5.23033710e+00  1.02766353e+00  5.83115668e+01
  1.21436318e+01  2.17457973e+00  3.84315366e+03  7.71571548e+03
  9.71684926e-01]
INFO:__main__:visc disk time : 37.06159019470215
INFO:__main__:magnetosphere time : 7.28743839263916
INFO:__main__:dust disk time : 2.496480703353882
INFO:__main__:photosphere time : 0.03801751136779785
INFO:__main__:model run .. time taken 46.999014377593994 s,
 params [ 8.91277998e-01 -5.23033710e+00  1.02766353e+00  5.83115668e+01
  1.21436318e+01  2.17457973e+00  3.84315366e+03  7.71571548e+03
  9.71684926e-01]
INFO:__main__:params [ 6.83823354e-01 -5.13009367e+00  9.94140314e-01  4.84791494e+01
  1.19963620e+01  2.05639531e+00  4.07028732e+03  7.92515848e+03
  1.03049070e+00]
INFO:__main__:visc disk time : 42.29267621040344
INFO:__main__:magnetosphere time : 7.881439685821533
INFO:__main__:dust disk time : 1.1351168155670166
INFO:__main__:photosphere time : 0.017256498336791992
INFO:__main__:model run .. time taken 51.39422082901001 s,
 params [ 6.83823354e-01 -5.13009367e+00  9.94140314e-01  4.84791494e+01
  1.19963620e+01  2.05639531e+00  4.07028732e+03  7.92515848e+03
  1.03049070e+00]
INFO:__main__:params [ 5.74834205e-01 -4.71282989e+00  9.69446103e-01  4.79110047e+01
  1.19652884e+01  1.88106049e+00  4.16070500e+03  7.98304348e+03
  1.05136201e+00]
INFO:__main__:visc disk time : 48.54327869415283
INFO:__main__:magnetosphere time : 5.784625768661499
INFO:__main__:dust disk time : 1.258850336074829
INFO:__main__:photosphere time : 0.016912460327148438
INFO:__main__:model run .. time taken 55.67002820968628 s,
 params [ 5.74834205e-01 -4.71282989e+00  9.69446103e-01  4.79110047e+01
  1.19652884e+01  1.88106049e+00  4.16070500e+03  7.98304348e+03
  1.05136201e+00]
INFO:__main__:params [ 3.51809241e-01 -4.83147088e+00  1.03642663e+00  5.25937459e+01
  1.15250226e+01  1.87240605e+00  4.36645597e+03  8.29285475e+03
  1.05496436e+00]
INFO:__main__:visc disk time : 50.08625555038452
INFO:__main__:magnetosphere time : 5.5589094161987305
INFO:__main__:dust disk time : 1.3783576488494873
INFO:__main__:photosphere time : 0.021979093551635742
INFO:__main__:model run .. time taken 57.11346411705017 s,
 params [ 3.51809241e-01 -4.83147088e+00  1.03642663e+00  5.25937459e+01
  1.15250226e+01  1.87240605e+00  4.36645597e+03  8.29285475e+03
  1.05496436e+00]
INFO:__main__:params [ 5.39104895e-01 -4.74450617e+00  1.00525760e+00  2.79772794e+01
  1.25680096e+01  1.88145310e+00  3.96904623e+03  7.54449307e+03
  1.03900369e+00]
INFO:__main__:visc disk time : 63.83563995361328
INFO:__main__:magnetosphere time : 4.474350690841675
INFO:__main__:dust disk time : 0.9271194934844971
INFO:__main__:photosphere time : 0.01383209228515625
INFO:__main__:model run .. time taken 69.29996657371521 s,
 params [ 5.39104895e-01 -4.74450617e+00  1.00525760e+00  2.79772794e+01
  1.25680096e+01  1.88145310e+00  3.96904623e+03  7.54449307e+03
  1.03900369e+00]
INFO:__main__:params [ 2.07377945e-01 -4.81903932e+00  9.23919802e-01  4.54381764e+00
  1.22958758e+01  2.06068592e+00  4.38920367e+03  7.97901322e+03
  9.78746410e-01]
INFO:__main__:visc disk time : 257.2314085960388
INFO:__main__:magnetosphere time : 2.968526840209961
INFO:__main__:dust disk time : 0.644040584564209
INFO:__main__:photosphere time : 0.010947465896606445
INFO:__main__:model run .. time taken 260.8933382034302 s,
 params [ 2.07377945e-01 -4.81903932e+00  9.23919802e-01  4.54381764e+00
  1.22958758e+01  2.06068592e+00  4.38920367e+03  7.97901322e+03
  9.78746410e-01]
INFO:__main__:params [ 6.89692202e-01 -5.15281373e+00  9.92584249e-01  4.86997950e+01
  1.19997455e+01  2.05248034e+00  4.07688693e+03  7.91321620e+03
  1.02700182e+00]
INFO:__main__:visc disk time : 24.82934808731079
INFO:__main__:magnetosphere time : 5.450988292694092
INFO:__main__:dust disk time : 1.384200096130371
INFO:__main__:photosphere time : 0.017091751098632812
INFO:__main__:model run .. time taken 31.744157552719116 s,
 params [ 6.89692202e-01 -5.15281373e+00  9.92584249e-01  4.86997950e+01
  1.19997455e+01  2.05248034e+00  4.07688693e+03  7.91321620e+03
  1.02700182e+00]
INFO:__main__:params [ 5.12777835e-01 -4.59402905e+00  1.02811874e+00  6.99891722e+01
  1.15699628e+01  2.14197948e+00  4.00742753e+03  8.32328212e+03
  9.79843293e-01]
INFO:__main__:visc disk time : 26.997074604034424
INFO:__main__:magnetosphere time : 5.585493087768555
INFO:__main__:dust disk time : 1.2204458713531494
INFO:__main__:photosphere time : 0.021120071411132812
INFO:__main__:model run .. time taken 33.88849949836731 s,
 params [ 5.12777835e-01 -4.59402905e+00  1.02811874e+00  6.99891722e+01
  1.15699628e+01  2.14197948e+00  4.00742753e+03  8.32328212e+03
  9.79843293e-01]
INFO:__main__:params [ 7.72049603e-01 -4.17447747e+00  9.33950161e-01  4.23420462e+01
  1.28615154e+01  1.86241908e+00  4.04893791e+03  7.91960891e+03
  9.26426027e-01]
INFO:__main__:visc disk time : 34.27395844459534
INFO:__main__:magnetosphere time : 4.932133197784424
INFO:__main__:dust disk time : 0.9080078601837158
INFO:__main__:photosphere time : 0.01468515396118164
INFO:__main__:model run .. time taken 40.179670095443726 s,
 params [ 7.72049603e-01 -4.17447747e+00  9.33950161e-01  4.23420462e+01
  1.28615154e+01  1.86241908e+00  4.04893791e+03  7.91960891e+03
  9.26426027e-01]
INFO:__main__:params [ 4.70064252e-01 -4.59075386e+00  9.30206566e-01  2.03854298e+01
  1.17242094e+01  1.86140341e+00  3.78744315e+03  7.80767547e+03
  1.04375441e+00]
INFO:__main__:visc disk time : 48.99093222618103
INFO:__main__:magnetosphere time : 2.985731363296509
INFO:__main__:dust disk time : 0.6717648506164551
INFO:__main__:photosphere time : 0.010965824127197266
INFO:__main__:model run .. time taken 52.698221921920776 s,
 params [ 4.70064252e-01 -4.59075386e+00  9.30206566e-01  2.03854298e+01
  1.17242094e+01  1.86140341e+00  3.78744315e+03  7.80767547e+03
  1.04375441e+00]
INFO:__main__:params [ 7.55413581e-01 -5.67238095e+00  9.61537550e-01  5.80111377e+01
  1.21682630e+01  1.98041216e+00  4.19228526e+03  7.80471952e+03
  9.58655152e-01]
INFO:__main__:visc disk time : 33.27652859687805
INFO:__main__:magnetosphere time : 8.2313392162323
INFO:__main__:dust disk time : 1.6676344871520996
INFO:__main__:photosphere time : 0.02187514305114746
INFO:__main__:model run .. time taken 43.270904302597046 s,
 params [ 7.55413581e-01 -5.67238095e+00  9.61537550e-01  5.80111377e+01
  1.21682630e+01  1.98041216e+00  4.19228526e+03  7.80471952e+03
  9.58655152e-01]
INFO:__main__:params [ 7.51888006e-01 -5.25749901e+00  1.01393868e+00  6.64171814e+01
  1.22051820e+01  2.18151603e+00  3.99692235e+03  7.96803924e+03
  9.82530694e-01]
INFO:__main__:visc disk time : 37.70396184921265
INFO:__main__:magnetosphere time : 8.887636661529541
INFO:__main__:dust disk time : 1.7361490726470947
INFO:__main__:photosphere time : 0.029465198516845703
INFO:__main__:model run .. time taken 48.454638719558716 s,
 params [ 7.51888006e-01 -5.25749901e+00  1.01393868e+00  6.64171814e+01
  1.22051820e+01  2.18151603e+00  3.99692235e+03  7.96803924e+03
  9.82530694e-01]
INFO:__main__:params [ 5.54174004e-01 -5.18507351e+00  9.80787717e-01  3.85027044e+01
  1.18483431e+01  1.92192132e+00  3.98661160e+03  7.99755351e+03
  1.05750643e+00]
INFO:__main__:visc disk time : 49.29399371147156
INFO:__main__:magnetosphere time : 5.422895908355713
INFO:__main__:dust disk time : 1.1368284225463867
INFO:__main__:photosphere time : 0.01931166648864746
INFO:__main__:model run .. time taken 55.94064688682556 s,
 params [ 5.54174004e-01 -5.18507351e+00  9.80787717e-01  3.85027044e+01
  1.18483431e+01  1.92192132e+00  3.98661160e+03  7.99755351e+03
  1.05750643e+00]
INFO:__main__:params [ 5.14038414e-01 -4.63783645e+00  9.95261390e-01  4.83755936e+01
  1.20229878e+01  1.87855156e+00  4.20949590e+03  8.13751023e+03
  1.01102071e+00]
INFO:__main__:visc disk time : 49.986708641052246
INFO:__main__:magnetosphere time : 5.390928268432617
INFO:__main__:dust disk time : 1.3598902225494385
INFO:__main__:photosphere time : 0.020112991333007812
INFO:__main__:model run .. time taken 56.821465730667114 s,
 params [ 5.14038414e-01 -4.63783645e+00  9.95261390e-01  4.83755936e+01
  1.20229878e+01  1.87855156e+00  4.20949590e+03  8.13751023e+03
  1.01102071e+00]
INFO:__main__:params [ 2.86580360e-01 -4.77336812e+00  9.22742469e-01  6.75980584e+01
  1.17493539e+01  2.03692001e+00  3.96492517e+03  8.06087485e+03
  1.02047657e+00]
INFO:__main__:visc disk time : 46.92766070365906
INFO:__main__:magnetosphere time : 8.744672536849976
INFO:__main__:dust disk time : 1.380927562713623
INFO:__main__:photosphere time : 0.017348527908325195
INFO:__main__:model run .. time taken 57.13343667984009 s,
 params [ 2.86580360e-01 -4.77336812e+00  9.22742469e-01  6.75980584e+01
  1.17493539e+01  2.03692001e+00  3.96492517e+03  8.06087485e+03
  1.02047657e+00]
INFO:__main__:params [ 3.30054811e-01 -4.65150811e+00  9.81825085e-01  6.16212434e+01
  1.18212802e+01  2.01054197e+00  3.83628025e+03  8.17996221e+03
  1.04862220e+00]
INFO:__main__:visc disk time : 50.10185956954956
INFO:__main__:magnetosphere time : 7.769835710525513
INFO:__main__:dust disk time : 1.053342580795288
INFO:__main__:photosphere time : 0.01562643051147461
INFO:__main__:model run .. time taken 59.0023148059845 s,
 params [ 3.30054811e-01 -4.65150811e+00  9.81825085e-01  6.16212434e+01
  1.18212802e+01  2.01054197e+00  3.83628025e+03  8.17996221e+03
  1.04862220e+00]
INFO:__main__:params [ 3.06028226e-01 -4.73525392e+00  9.26022574e-01  1.53896110e+01
  1.20497526e+01  1.98889818e+00  4.14281223e+03  7.92588698e+03
  1.00501913e+00]
INFO:__main__:visc disk time : 84.73304796218872
INFO:__main__:magnetosphere time : 2.9920287132263184
INFO:__main__:dust disk time : 0.6614067554473877
INFO:__main__:photosphere time : 0.011101722717285156
INFO:__main__:model run .. time taken 88.43571519851685 s,
 params [ 3.06028226e-01 -4.73525392e+00  9.26022574e-01  1.53896110e+01
  1.20497526e+01  1.98889818e+00  4.14281223e+03  7.92588698e+03
  1.00501913e+00]
INFO:__main__:params [ 7.72371193e-01 -5.01307504e+00  9.94285305e-01  3.99452477e+01
  1.18208715e+01  2.04627912e+00  4.09790152e+03  7.70120915e+03
  1.02862456e+00]
INFO:__main__:visc disk time : 40.67989373207092
INFO:__main__:magnetosphere time : 5.256254434585571
INFO:__main__:dust disk time : 1.2744922637939453
INFO:__main__:photosphere time : 0.020411252975463867
INFO:__main__:model run .. time taken 47.29855537414551 s,
 params [ 7.72371193e-01 -5.01307504e+00  9.94285305e-01  3.99452477e+01
  1.18208715e+01  2.04627912e+00  4.09790152e+03  7.70120915e+03
  1.02862456e+00]
INFO:__main__:params [ 8.31765945e-01 -5.63950185e+00  9.52369246e-01  5.34792727e+01
  1.21257847e+01  1.94739878e+00  4.23108001e+03  7.63182123e+03
  9.39126390e-01]
INFO:__main__:visc disk time : 37.200302600860596
INFO:__main__:magnetosphere time : 8.799814701080322
INFO:__main__:dust disk time : 2.1200406551361084
INFO:__main__:photosphere time : 0.03823661804199219
INFO:__main__:model run .. time taken 48.262635707855225 s,
 params [ 8.31765945e-01 -5.63950185e+00  9.52369246e-01  5.34792727e+01
  1.21257847e+01  1.94739878e+00  4.23108001e+03  7.63182123e+03
  9.39126390e-01]
INFO:__main__:params [ 7.54700648e-01 -4.69782527e+00  9.98502137e-01  6.96720810e+01
  1.19087708e+01  1.80890295e+00  4.17267762e+03  8.02128867e+03
  1.08237146e+00]
INFO:__main__:visc disk time : 37.75667881965637
INFO:__main__:magnetosphere time : 8.973816156387329
INFO:__main__:dust disk time : 2.165756940841675
INFO:__main__:photosphere time : 0.034726858139038086
INFO:__main__:model run .. time taken 49.02045559883118 s,
 params [ 7.54700648e-01 -4.69782527e+00  9.98502137e-01  6.96720810e+01
  1.19087708e+01  1.80890295e+00  4.17267762e+03  8.02128867e+03
  1.08237146e+00]
INFO:__main__:params [ 7.85483041e-01 -5.28823705e+00  9.71293528e-01  5.76383498e+01
  1.20726945e+01  1.97324277e+00  3.81571236e+03  7.78270573e+03
  1.01418010e+00]
INFO:__main__:visc disk time : 39.67366409301758
INFO:__main__:magnetosphere time : 8.44860577583313
INFO:__main__:dust disk time : 1.3642234802246094
INFO:__main__:photosphere time : 0.01892685890197754
INFO:__main__:model run .. time taken 49.56773090362549 s,
 params [ 7.85483041e-01 -5.28823705e+00  9.71293528e-01  5.76383498e+01
  1.20726945e+01  1.97324277e+00  3.81571236e+03  7.78270573e+03
  1.01418010e+00]
INFO:__main__:params [ 6.01461471e-01 -4.92270422e+00  1.00395695e+00  5.98823151e+01
  1.19696279e+01  2.08934924e+00  3.83759573e+03  7.94970992e+03
  1.01138602e+00]
INFO:__main__:visc disk time : 44.71718883514404
INFO:__main__:magnetosphere time : 6.810816049575806
INFO:__main__:dust disk time : 0.9674890041351318
INFO:__main__:photosphere time : 0.01532292366027832
INFO:__main__:model run .. time taken 52.569907426834106 s,
 params [ 6.01461471e-01 -4.92270422e+00  1.00395695e+00  5.98823151e+01
  1.19696279e+01  2.08934924e+00  3.83759573e+03  7.94970992e+03
  1.01138602e+00]
INFO:__main__:params [ 3.12342216e-01 -4.86230986e+00  1.04210084e+00  5.41977240e+01
  1.14291078e+01  1.88065634e+00  4.36502731e+03  8.32033164e+03
  1.06475565e+00]
INFO:__main__:visc disk time : 50.25547790527344
INFO:__main__:magnetosphere time : 5.112697601318359
INFO:__main__:dust disk time : 0.8969392776489258
INFO:__main__:photosphere time : 0.015086889266967773
INFO:__main__:model run .. time taken 56.338754177093506 s,
 params [ 3.12342216e-01 -4.86230986e+00  1.04210084e+00  5.41977240e+01
  1.14291078e+01  1.88065634e+00  4.36502731e+03  8.32033164e+03
  1.06475565e+00]
INFO:__main__:params [ 2.89697990e-01 -4.24959180e+00  1.03572261e+00  8.44531168e+01
  1.10990625e+01  2.16593778e+00  4.13111007e+03  8.80721139e+03
  9.77690492e-01]
INFO:__main__:visc disk time : 51.999775886535645
INFO:__main__:magnetosphere time : 5.1600730419158936
INFO:__main__:dust disk time : 0.9436280727386475
INFO:__main__:photosphere time : 0.015298604965209961
INFO:__main__:model run .. time taken 58.17748236656189 s,
 params [ 2.89697990e-01 -4.24959180e+00  1.03572261e+00  8.44531168e+01
  1.10990625e+01  2.16593778e+00  4.13111007e+03  8.80721139e+03
  9.77690492e-01]
INFO:__main__:params [ 6.79972875e-01 -5.49189805e+00  9.80376885e-01  2.58254795e+01
  1.18723696e+01  1.87380113e+00  4.07214456e+03  7.90134306e+03
  1.06225238e+00]
INFO:__main__:visc disk time : 28.29439377784729
INFO:__main__:magnetosphere time : 4.663943529129028
INFO:__main__:dust disk time : 1.0222809314727783
INFO:__main__:photosphere time : 0.015386581420898438
INFO:__main__:model run .. time taken 34.051539182662964 s,
 params [ 6.79972875e-01 -5.49189805e+00  9.80376885e-01  2.58254795e+01
  1.18723696e+01  1.87380113e+00  4.07214456e+03  7.90134306e+03
  1.06225238e+00]
INFO:__main__:params [ 5.55892786e-01 -4.72962265e+00  9.88431090e-01  3.73434053e+01
  1.22848130e+01  1.88126863e+00  4.05909965e+03  7.75055181e+03
  1.04481041e+00]
INFO:__main__:visc disk time : 30.18578791618347
INFO:__main__:magnetosphere time : 4.6535704135894775
INFO:__main__:dust disk time : 0.9839739799499512
INFO:__main__:photosphere time : 0.013000249862670898
INFO:__main__:model run .. time taken 35.88420057296753 s,
 params [ 5.55892786e-01 -4.72962265e+00  9.88431090e-01  3.73434053e+01
  1.22848130e+01  1.88126863e+00  4.05909965e+03  7.75055181e+03
  1.04481041e+00]
INFO:__main__:params [ 2.53741263e-01 -4.73961574e+00  9.17576019e-01  9.06369179e+00
  1.20661822e+01  2.00987429e+00  4.13933180e+03  7.91476915e+03
  9.96004720e-01]
INFO:__main__:visc disk time : 114.90880179405212
INFO:__main__:magnetosphere time : 2.9557178020477295
INFO:__main__:dust disk time : 0.6478276252746582
INFO:__main__:photosphere time : 0.010648250579833984
INFO:__main__:model run .. time taken 118.56079983711243 s,
 params [ 2.53741263e-01 -4.73961574e+00  9.17576019e-01  9.06369179e+00
  1.20661822e+01  2.00987429e+00  4.13933180e+03  7.91476915e+03
  9.96004720e-01]
INFO:__main__:params [ 8.87209899e-01 -5.56899140e+00  1.02355719e+00  5.00044262e+01
  1.22307103e+01  2.12289400e+00  3.79428659e+03  7.96073243e+03
  1.00581157e+00]
INFO:__main__:visc disk time : 36.25964856147766
INFO:__main__:magnetosphere time : 6.685855865478516
INFO:__main__:dust disk time : 1.621401309967041
INFO:__main__:photosphere time : 0.0283052921295166
INFO:__main__:model run .. time taken 44.683345794677734 s,
 params [ 8.87209899e-01 -5.56899140e+00  1.02355719e+00  5.00044262e+01
  1.22307103e+01  2.12289400e+00  3.79428659e+03  7.96073243e+03
  1.00581157e+00]
INFO:__main__:params [ 7.80848693e-01 -5.25722073e+00  9.69017596e-01  5.84347654e+01
  1.20606306e+01  1.96880581e+00  3.81927867e+03  7.76146111e+03
  1.01280106e+00]
INFO:__main__:visc disk time : 38.0653977394104
INFO:__main__:magnetosphere time : 8.011270999908447
INFO:__main__:dust disk time : 1.5186164379119873
INFO:__main__:photosphere time : 0.02192831039428711
INFO:__main__:model run .. time taken 47.68161606788635 s,
 params [ 7.80848693e-01 -5.25722073e+00  9.69017596e-01  5.84347654e+01
  1.20606306e+01  1.96880581e+00  3.81927867e+03  7.76146111e+03
  1.01280106e+00]
INFO:__main__:params [ 5.32902239e-01 -5.41824114e+00  9.80043690e-01  4.54287606e+01
  1.15875660e+01  1.93625234e+00  4.05751612e+03  8.22747499e+03
  1.07145264e+00]
INFO:__main__:visc disk time : 42.38568735122681
INFO:__main__:magnetosphere time : 7.379876375198364
INFO:__main__:dust disk time : 1.2372081279754639
INFO:__main__:photosphere time : 0.01820683479309082
INFO:__main__:model run .. time taken 51.0887234210968 s,
 params [ 5.32902239e-01 -5.41824114e+00  9.80043690e-01  4.54287606e+01
  1.15875660e+01  1.93625234e+00  4.05751612e+03  8.22747499e+03
  1.07145264e+00]
INFO:__main__:params [ 3.18010297e-01 -4.88838564e+00  9.35401276e-01  7.12240901e+01
  1.18748458e+01  2.07071017e+00  4.04517818e+03  8.16193327e+03
  1.01766416e+00]
INFO:__main__:visc disk time : 45.369970083236694
INFO:__main__:magnetosphere time : 7.546355485916138
INFO:__main__:dust disk time : 1.1199238300323486
INFO:__main__:photosphere time : 0.017590761184692383
INFO:__main__:model run .. time taken 54.116875648498535 s,
 params [ 3.18010297e-01 -4.88838564e+00  9.35401276e-01  7.12240901e+01
  1.18748458e+01  2.07071017e+00  4.04517818e+03  8.16193327e+03
  1.01766416e+00]
INFO:__main__:params [ 6.38278797e-01 -4.73363193e+00  9.66349587e-01  4.44621733e+01
  1.20063650e+01  1.84834545e+00  4.24485853e+03  7.93485213e+03
  1.05198111e+00]
INFO:__main__:visc disk time : 49.93783712387085
INFO:__main__:magnetosphere time : 5.484060049057007
INFO:__main__:dust disk time : 0.9532999992370605
INFO:__main__:photosphere time : 0.01526784896850586
INFO:__main__:model run .. time taken 56.45178842544556 s,
 params [ 6.38278797e-01 -4.73363193e+00  9.66349587e-01  4.44621733e+01
  1.20063650e+01  1.84834545e+00  4.24485853e+03  7.93485213e+03
  1.05198111e+00]
INFO:__main__:params [ 5.38332186e-01 -4.62056431e+00  9.92105935e-01  4.12715824e+01
  1.21526394e+01  1.87994576e+00  4.10604188e+03  7.94905216e+03
  1.01345726e+00]
INFO:__main__:visc disk time : 52.17562675476074
INFO:__main__:magnetosphere time : 5.381991147994995
INFO:__main__:dust disk time : 0.989088773727417
INFO:__main__:photosphere time : 0.01538991928100586
INFO:__main__:model run .. time taken 58.621814012527466 s,
 params [ 5.38332186e-01 -4.62056431e+00  9.92105935e-01  4.12715824e+01
  1.21526394e+01  1.87994576e+00  4.10604188e+03  7.94905216e+03
  1.01345726e+00]
INFO:__main__:params [ 7.24625876e-01 -4.30792508e+00  9.37849277e-01  4.24371301e+01
  1.27818409e+01  1.85178541e+00  4.03447817e+03  7.97577098e+03
  9.42457425e-01]
INFO:__main__:visc disk time : 54.50242209434509
INFO:__main__:magnetosphere time : 5.2863380908966064
INFO:__main__:dust disk time : 0.932661771774292
INFO:__main__:photosphere time : 0.015375614166259766
INFO:__main__:model run .. time taken 60.796138048172 s,
 params [ 7.24625876e-01 -4.30792508e+00  9.37849277e-01  4.24371301e+01
  1.27818409e+01  1.85178541e+00  4.03447817e+03  7.97577098e+03
  9.42457425e-01]
INFO:__main__:params [ 4.37456499e-01 -5.35577128e+00  9.85875838e-01  8.11520457e+01
  1.23815450e+01  2.16547984e+00  4.24726101e+03  8.53941546e+03
  1.01511705e+00]
INFO:__main__:visc disk time : 22.179896354675293
INFO:__main__:magnetosphere time : 5.424134731292725
INFO:__main__:dust disk time : 2.3255417346954346
INFO:__main__:photosphere time : 0.037712812423706055
INFO:__main__:model run .. time taken 30.064500093460083 s,
 params [ 4.37456499e-01 -5.35577128e+00  9.85875838e-01  8.11520457e+01
  1.23815450e+01  2.16547984e+00  4.24726101e+03  8.53941546e+03
  1.01511705e+00]
INFO:__main__:params [ 4.08417729e-01 -4.74357294e+00  9.79290485e-01  6.08435418e+01
  1.18507381e+01  2.00157504e+00  3.83000128e+03  8.09780444e+03
  1.04247989e+00]
INFO:__main__:visc disk time : 42.671932220458984
INFO:__main__:magnetosphere time : 5.3762500286102295
INFO:__main__:dust disk time : 1.503429889678955
INFO:__main__:photosphere time : 0.027816057205200195
INFO:__main__:model run .. time taken 49.64924955368042 s,
 params [ 4.08417729e-01 -4.74357294e+00  9.79290485e-01  6.08435418e+01
  1.18507381e+01  2.00157504e+00  3.83000128e+03  8.09780444e+03
  1.04247989e+00]
INFO:__main__:params [ 4.89052324e-01 -4.57285904e+00  9.94199362e-01  3.10765939e+01
  1.23514237e+01  1.85525898e+00  4.13035693e+03  7.74731037e+03
  1.05432125e+00]
INFO:__main__:visc disk time : 54.442182302474976
INFO:__main__:magnetosphere time : 5.258508920669556
INFO:__main__:dust disk time : 1.3030054569244385
INFO:__main__:photosphere time : 0.016306400299072266
INFO:__main__:model run .. time taken 61.075072288513184 s,
 params [ 4.89052324e-01 -4.57285904e+00  9.94199362e-01  3.10765939e+01
  1.23514237e+01  1.85525898e+00  4.13035693e+03  7.74731037e+03
  1.05432125e+00]
INFO:__main__:params [ 5.04214707e-01 -4.56533128e+00  9.32140117e-01  2.32343078e+01
  1.18469508e+01  1.86335456e+00  3.82086608e+03  7.82517173e+03
  1.03190161e+00]
INFO:__main__:visc disk time : 54.46338605880737
INFO:__main__:magnetosphere time : 5.287369251251221
INFO:__main__:dust disk time : 1.2746000289916992
INFO:__main__:photosphere time : 0.014525890350341797
INFO:__main__:model run .. time taken 61.09326219558716 s,
 params [ 5.04214707e-01 -4.56533128e+00  9.32140117e-01  2.32343078e+01
  1.18469508e+01  1.86335456e+00  3.82086608e+03  7.82517173e+03
  1.03190161e+00]
INFO:__main__:params [ 1.91472556e-01 -4.53822273e+00  9.20281764e-01  7.09006059e+00
  1.20331856e+01  1.99794069e+00  4.12357911e+03  7.98996247e+03
  1.01937684e+00]
INFO:__main__:visc disk time : 181.71123600006104
INFO:__main__:magnetosphere time : 2.953117609024048
INFO:__main__:dust disk time : 0.6332011222839355
INFO:__main__:photosphere time : 0.010553121566772461
INFO:__main__:model run .. time taken 185.34587621688843 s,
 params [ 1.91472556e-01 -4.53822273e+00  9.20281764e-01  7.09006059e+00
  1.20331856e+01  1.99794069e+00  4.12357911e+03  7.98996247e+03
  1.01937684e+00]
INFO:__main__:params [ 4.38414886e-01 -5.48935814e+00  9.93670240e-01  7.29337535e+01
  1.24978423e+01  2.09405146e+00  3.98438375e+03  8.55641507e+03
  1.03678671e+00]
INFO:__main__:visc disk time : 40.32954978942871
INFO:__main__:magnetosphere time : 9.032155275344849
INFO:__main__:dust disk time : 2.032168388366699
INFO:__main__:photosphere time : 0.03389382362365723
INFO:__main__:model run .. time taken 51.511922121047974 s,
 params [ 4.38414886e-01 -5.48935814e+00  9.93670240e-01  7.29337535e+01
  1.24978423e+01  2.09405146e+00  3.98438375e+03  8.55641507e+03
  1.03678671e+00]
INFO:__main__:params [ 7.20928583e-01 -5.27394033e+00  9.66857787e-01  4.69963767e+01
  1.21896774e+01  1.92082972e+00  4.16198359e+03  7.67952353e+03
  9.81586983e-01]
INFO:__main__:visc disk time : 45.76766562461853
INFO:__main__:magnetosphere time : 8.885489702224731
INFO:__main__:dust disk time : 1.5208466053009033
INFO:__main__:photosphere time : 0.02483391761779785
INFO:__main__:model run .. time taken 56.279996156692505 s,
 params [ 7.20928583e-01 -5.27394033e+00  9.66857787e-01  4.69963767e+01
  1.21896774e+01  1.92082972e+00  4.16198359e+03  7.67952353e+03
  9.81586983e-01]
INFO:__main__:params [ 8.18598407e-01 -4.85319241e+00  9.90244522e-01  5.09871523e+01
  1.23776058e+01  2.03961966e+00  3.93333368e+03  7.81772500e+03
  9.63373175e-01]
INFO:__main__:visc disk time : 49.1454758644104
INFO:__main__:magnetosphere time : 8.20453691482544
INFO:__main__:dust disk time : 1.5952134132385254
INFO:__main__:photosphere time : 0.023238658905029297
INFO:__main__:model run .. time taken 59.045432567596436 s,
 params [ 8.18598407e-01 -4.85319241e+00  9.90244522e-01  5.09871523e+01
  1.23776058e+01  2.03961966e+00  3.93333368e+03  7.81772500e+03
  9.63373175e-01]
INFO:__main__:params [ 5.91827274e-01 -4.66645327e+00  9.75825417e-01  4.92058471e+01
  1.18983250e+01  1.89088677e+00  4.22039449e+03  8.03800016e+03
  1.04154064e+00]
INFO:__main__:visc disk time : 54.37996053695679
INFO:__main__:magnetosphere time : 6.098747730255127
INFO:__main__:dust disk time : 1.485405683517456
INFO:__main__:photosphere time : 0.023645639419555664
INFO:__main__:model run .. time taken 62.059895038604736 s,
 params [ 5.91827274e-01 -4.66645327e+00  9.75825417e-01  4.92058471e+01
  1.18983250e+01  1.89088677e+00  4.22039449e+03  8.03800016e+03
  1.04154064e+00]
INFO:__main__:params [ 9.03377209e-01 -5.20336646e+00  9.93790312e-01  3.56700410e+01
  1.17183741e+01  2.13133731e+00  4.04130965e+03  7.47995165e+03
  1.03755184e+00]
INFO:__main__:visc disk time : 51.9190936088562
INFO:__main__:magnetosphere time : 8.289042711257935
INFO:__main__:dust disk time : 2.064664840698242
INFO:__main__:photosphere time : 0.02122020721435547
INFO:__main__:model run .. time taken 62.369166135787964 s,
 params [ 9.03377209e-01 -5.20336646e+00  9.93790312e-01  3.56700410e+01
  1.17183741e+01  2.13133731e+00  4.04130965e+03  7.47995165e+03
  1.03755184e+00]
INFO:__main__:params [ 2.24793653e-01 -4.81018395e+00  9.03043429e-01  7.28196488e+01
  1.16750240e+01  2.07993922e+00  3.89848998e+03  8.04005762e+03
  1.02304516e+00]
INFO:__main__:visc disk time : 54.881529808044434
INFO:__main__:magnetosphere time : 6.527331352233887
INFO:__main__:dust disk time : 1.4966888427734375
INFO:__main__:photosphere time : 0.01788330078125
INFO:__main__:model run .. time taken 62.98817300796509 s,
 params [ 2.24793653e-01 -4.81018395e+00  9.03043429e-01  7.28196488e+01
  1.16750240e+01  2.07993922e+00  3.89848998e+03  8.04005762e+03
  1.02304516e+00]
INFO:__main__:params [ 4.65813681e-01 -5.02490071e+00  9.61286818e-01  3.02725406e+01
  1.19200615e+01  1.94577059e+00  4.04223188e+03  7.97203433e+03
  1.03881663e+00]
INFO:__main__:visc disk time : 65.51023769378662
INFO:__main__:magnetosphere time : 5.017870903015137
INFO:__main__:dust disk time : 0.9763028621673584
INFO:__main__:photosphere time : 0.016455888748168945
INFO:__main__:model run .. time taken 71.58263397216797 s,
 params [ 4.65813681e-01 -5.02490071e+00  9.61286818e-01  3.02725406e+01
  1.19200615e+01  1.94577059e+00  4.04223188e+03  7.97203433e+03
  1.03881663e+00]
INFO:__main__:params [ 5.57376591e-01 -4.64536027e+00  9.99392802e-01  1.05665640e+01
  1.24824455e+01  1.88750731e+00  3.69234415e+03  7.14791172e+03
  1.05034153e+00]
INFO:__main__:visc disk time : 107.17942070960999
INFO:__main__:magnetosphere time : 3.1110687255859375
INFO:__main__:dust disk time : 0.699383020401001
INFO:__main__:photosphere time : 0.01125192642211914
INFO:__main__:model run .. time taken 111.04067540168762 s,
 params [ 5.57376591e-01 -4.64536027e+00  9.99392802e-01  1.05665640e+01
  1.24824455e+01  1.88750731e+00  3.69234415e+03  7.14791172e+03
  1.05034153e+00]
INFO:__main__:params [ 8.46197157e-01 -5.22009599e+00  9.64249920e-01  5.58593308e+01
  1.19805870e+01  1.94658874e+00  3.78542545e+03  7.61193772e+03
  1.00840728e+00]
INFO:__main__:visc disk time : 44.09736108779907
INFO:__main__:magnetosphere time : 9.33221983909607
INFO:__main__:dust disk time : 2.6257009506225586
INFO:__main__:photosphere time : 0.03364849090576172
INFO:__main__:model run .. time taken 56.18254327774048 s,
 params [ 8.46197157e-01 -5.22009599e+00  9.64249920e-01  5.58593308e+01
  1.19805870e+01  1.94658874e+00  3.78542545e+03  7.61193772e+03
  1.00840728e+00]
INFO:__main__:params [ 6.41735863e-01 -4.67480797e+00  9.56368836e-01  5.49888685e+01
  1.25655141e+01  1.97304300e+00  4.13388154e+03  8.12180534e+03
  9.69537477e-01]
INFO:__main__:visc disk time : 53.26558256149292
INFO:__main__:magnetosphere time : 9.340421915054321
INFO:__main__:dust disk time : 1.558173656463623
INFO:__main__:photosphere time : 0.02626204490661621
INFO:__main__:model run .. time taken 64.2678771018982 s,
 params [ 6.41735863e-01 -4.67480797e+00  9.56368836e-01  5.49888685e+01
  1.25655141e+01  1.97304300e+00  4.13388154e+03  8.12180534e+03
  9.69537477e-01]
INFO:__main__:params [ 4.80579266e-01 -4.18163073e+00  1.00732741e+00  5.66061556e+01
  1.21685809e+01  1.84239624e+00  4.39530402e+03  8.25418555e+03
  9.72267762e-01]
INFO:__main__:visc disk time : 62.96364140510559
INFO:__main__:magnetosphere time : 5.272005558013916
INFO:__main__:dust disk time : 1.2426238059997559
INFO:__main__:photosphere time : 0.019438743591308594
INFO:__main__:model run .. time taken 69.5703399181366 s,
 params [ 4.80579266e-01 -4.18163073e+00  1.00732741e+00  5.66061556e+01
  1.21685809e+01  1.84239624e+00  4.39530402e+03  8.25418555e+03
  9.72267762e-01]
INFO:__main__:params [ 3.59196047e-01 -4.04616829e+00  1.08299031e+00  7.95776415e+01
  1.10668688e+01  2.17304884e+00  4.14690172e+03  8.89358835e+03
  9.64644358e-01]
INFO:__main__:visc disk time : 61.068030834198
INFO:__main__:magnetosphere time : 7.823378086090088
INFO:__main__:dust disk time : 1.667898416519165
INFO:__main__:photosphere time : 0.021429061889648438
INFO:__main__:model run .. time taken 70.66159796714783 s,
 params [ 3.59196047e-01 -4.04616829e+00  1.08299031e+00  7.95776415e+01
  1.10668688e+01  2.17304884e+00  4.14690172e+03  8.89358835e+03
  9.64644358e-01]
INFO:__main__:params [ 3.52762895e-01 -4.54289481e+00  1.01835226e+00  5.74660989e+01
  1.18398681e+01  1.99104705e+00  3.74928499e+03  8.24012253e+03
  1.06677960e+00]
INFO:__main__:visc disk time : 60.740625858306885
INFO:__main__:magnetosphere time : 8.730040073394775
INFO:__main__:dust disk time : 1.8470239639282227
INFO:__main__:photosphere time : 0.018687725067138672
INFO:__main__:model run .. time taken 71.40724492073059 s,
 params [ 3.52762895e-01 -4.54289481e+00  1.01835226e+00  5.74660989e+01
  1.18398681e+01  1.99104705e+00  3.74928499e+03  8.24012253e+03
  1.06677960e+00]
INFO:__main__:params [ 6.16546032e-01 -4.75815233e+00  9.88849773e-01  4.04934618e+01
  1.23062369e+01  1.91782858e+00  4.03006291e+03  7.76606070e+03
  1.02600825e+00]
INFO:__main__:visc disk time : 61.47750449180603
INFO:__main__:magnetosphere time : 9.065225601196289
INFO:__main__:dust disk time : 1.4320836067199707
INFO:__main__:photosphere time : 0.021834611892700195
INFO:__main__:model run .. time taken 72.05731201171875 s,
 params [ 6.16546032e-01 -4.75815233e+00  9.88849773e-01  4.04934618e+01
  1.23062369e+01  1.91782858e+00  4.03006291e+03  7.76606070e+03
  1.02600825e+00]
INFO:__main__:params [ 5.45021201e-01 -4.61655872e+00  9.42552813e-01  2.96956560e+01
  1.18954734e+01  1.85878608e+00  3.94992112e+03  7.85855630e+03
  1.03801342e+00]
INFO:__main__:visc disk time : 74.34674715995789
INFO:__main__:magnetosphere time : 5.042518615722656
INFO:__main__:dust disk time : 0.9918696880340576
INFO:__main__:photosphere time : 0.0179750919342041
INFO:__main__:model run .. time taken 80.45996475219727 s,
 params [ 5.45021201e-01 -4.61655872e+00  9.42552813e-01  2.96956560e+01
  1.18954734e+01  1.85878608e+00  3.94992112e+03  7.85855630e+03
  1.03801342e+00]
INFO:__main__:params [ 4.14670332e-01 -4.67603117e+00  9.46275334e-01  1.71117915e+01
  1.22236865e+01  1.95147716e+00  4.02020547e+03  7.73472238e+03
  1.01061003e+00]
INFO:__main__:visc disk time : 91.34341526031494
INFO:__main__:magnetosphere time : 2.9831604957580566
INFO:__main__:dust disk time : 0.6648452281951904
INFO:__main__:photosphere time : 0.010674238204956055
INFO:__main__:model run .. time taken 95.04059624671936 s,
 params [ 4.14670332e-01 -4.67603117e+00  9.46275334e-01  1.71117915e+01
  1.22236865e+01  1.95147716e+00  4.02020547e+03  7.73472238e+03
  1.01061003e+00]
INFO:__main__:params [ 7.11108724e-01 -5.25268092e+00  9.70356851e-01  6.53845350e+01
  1.21004458e+01  2.02907966e+00  3.96981306e+03  7.91748322e+03
  1.00798761e+00]
INFO:__main__:visc disk time : 40.989882707595825
INFO:__main__:magnetosphere time : 8.379639387130737
INFO:__main__:dust disk time : 2.4523611068725586
INFO:__main__:photosphere time : 0.025785207748413086
INFO:__main__:model run .. time taken 51.93237638473511 s,
 params [ 7.11108724e-01 -5.25268092e+00  9.70356851e-01  6.53845350e+01
  1.21004458e+01  2.02907966e+00  3.96981306e+03  7.91748322e+03
  1.00798761e+00]
INFO:__main__:params [ 7.12146411e-01 -4.73028968e+00  9.98618893e-01  5.63748348e+01
  1.21406010e+01  2.05874760e+00  3.96664316e+03  7.99182345e+03
  9.67839586e-01]
INFO:__main__:visc disk time : 48.003541231155396
INFO:__main__:magnetosphere time : 8.407129287719727
INFO:__main__:dust disk time : 1.0984375476837158
INFO:__main__:photosphere time : 0.01715397834777832
INFO:__main__:model run .. time taken 57.59053182601929 s,
 params [ 7.12146411e-01 -4.73028968e+00  9.98618893e-01  5.63748348e+01
  1.21406010e+01  2.05874760e+00  3.96664316e+03  7.99182345e+03
  9.67839586e-01]
INFO:__main__:params [ 3.00775098e-01 -4.76132997e+00  9.23452672e-01  6.67837350e+01
  1.17784877e+01  2.03178540e+00  3.96740393e+03  8.05704862e+03
  1.01832968e+00]
INFO:__main__:visc disk time : 51.81865215301514
INFO:__main__:magnetosphere time : 6.781458139419556
INFO:__main__:dust disk time : 1.4861671924591064
INFO:__main__:photosphere time : 0.024409770965576172
INFO:__main__:model run .. time taken 60.18962287902832 s,
 params [ 3.00775098e-01 -4.76132997e+00  9.23452672e-01  6.67837350e+01
  1.17784877e+01  2.03178540e+00  3.96740393e+03  8.05704862e+03
  1.01832968e+00]
INFO:__main__:params [ 7.28480394e-01 -5.52292690e+00  9.95075191e-01  3.30735446e+01
  1.22922285e+01  2.02850717e+00  3.83292644e+03  8.06585106e+03
  1.03240980e+00]
INFO:__main__:visc disk time : 52.16688585281372
INFO:__main__:magnetosphere time : 8.584099292755127
INFO:__main__:dust disk time : 1.017958402633667
INFO:__main__:photosphere time : 0.015184640884399414
INFO:__main__:model run .. time taken 61.845449447631836 s,
 params [ 7.28480394e-01 -5.52292690e+00  9.95075191e-01  3.30735446e+01
  1.22922285e+01  2.02850717e+00  3.83292644e+03  8.06585106e+03
  1.03240980e+00]
INFO:__main__:params [ 5.27366032e-01 -4.81955464e+00  9.90455192e-01  4.50971542e+01
  1.19649945e+01  1.89295314e+00  4.13548386e+03  8.09103553e+03
  1.02645699e+00]
INFO:__main__:visc disk time : 55.49145460128784
INFO:__main__:magnetosphere time : 6.455992937088013
INFO:__main__:dust disk time : 1.15616774559021
INFO:__main__:photosphere time : 0.01679253578186035
INFO:__main__:model run .. time taken 63.1836302280426 s,
 params [ 5.27366032e-01 -4.81955464e+00  9.90455192e-01  4.50971542e+01
  1.19649945e+01  1.89295314e+00  4.13548386e+03  8.09103553e+03
  1.02645699e+00]
INFO:__main__:params [ 5.24169916e-01 -5.05073895e+00  1.02438450e+00  3.91739987e+01
  1.20192012e+01  1.95145878e+00  4.02001817e+03  7.62428019e+03
  1.08486399e+00]
INFO:__main__:visc disk time : 56.427380084991455
INFO:__main__:magnetosphere time : 6.136868715286255
INFO:__main__:dust disk time : 1.119053602218628
INFO:__main__:photosphere time : 0.01610851287841797
INFO:__main__:model run .. time taken 63.764071464538574 s,
 params [ 5.24169916e-01 -5.05073895e+00  1.02438450e+00  3.91739987e+01
  1.20192012e+01  1.95145878e+00  4.02001817e+03  7.62428019e+03
  1.08486399e+00]
INFO:__main__:params [ 5.70766074e-01 -4.62615005e+00  9.95186382e-01  1.30051767e+01
  1.24962252e+01  1.88664056e+00  3.71940093e+03  7.20921321e+03
  1.04284351e+00]
INFO:__main__:visc disk time : 93.2254626750946
INFO:__main__:magnetosphere time : 3.046316623687744
INFO:__main__:dust disk time : 0.6508030891418457
INFO:__main__:photosphere time : 0.01097559928894043
INFO:__main__:model run .. time taken 96.97292518615723 s,
 params [ 5.70766074e-01 -4.62615005e+00  9.95186382e-01  1.30051767e+01
  1.24962252e+01  1.88664056e+00  3.71940093e+03  7.20921321e+03
  1.04284351e+00]
INFO:__main__:params [ 4.17798121e-01 -4.45370623e+00  1.01298225e+00  6.29051772e+01
  1.16354021e+01  2.01147294e+00  4.14269812e+03  8.39045246e+03
  9.96374789e-01]
INFO:__main__:visc disk time : 31.76518487930298
INFO:__main__:magnetosphere time : 5.398040056228638
INFO:__main__:dust disk time : 2.017271041870117
INFO:__main__:photosphere time : 0.029510021209716797
INFO:__main__:model run .. time taken 39.29591131210327 s,
 params [ 4.17798121e-01 -4.45370623e+00  1.01298225e+00  6.29051772e+01
  1.16354021e+01  2.01147294e+00  4.14269812e+03  8.39045246e+03
  9.96374789e-01]
INFO:__main__:params [ 9.22527252e-01 -5.42427740e+00  1.00497327e+00  5.82313159e+01
  1.11572476e+01  2.19659659e+00  4.37455322e+03  7.98923163e+03
  1.03598731e+00]
INFO:__main__:visc disk time : 35.05646514892578
INFO:__main__:magnetosphere time : 9.208668947219849
INFO:__main__:dust disk time : 1.8183679580688477
INFO:__main__:photosphere time : 0.029347896575927734
INFO:__main__:model run .. time taken 46.19770956039429 s,
 params [ 9.22527252e-01 -5.42427740e+00  1.00497327e+00  5.82313159e+01
  1.11572476e+01  2.19659659e+00  4.37455322e+03  7.98923163e+03
  1.03598731e+00]
INFO:__main__:params [ 5.17472596e-01 -5.05418114e+00  9.87950670e-01  4.79546973e+01
  1.20359831e+01  2.01809770e+00  3.83261670e+03  8.12119769e+03
  1.04110686e+00]
INFO:__main__:visc disk time : 44.38238215446472
INFO:__main__:magnetosphere time : 5.349921941757202
INFO:__main__:dust disk time : 1.0139031410217285
INFO:__main__:photosphere time : 0.01641535758972168
INFO:__main__:model run .. time taken 50.821572065353394 s,
 params [ 5.17472596e-01 -5.05418114e+00  9.87950670e-01  4.79546973e+01
  1.20359831e+01  2.01809770e+00  3.83261670e+03  8.12119769e+03
  1.04110686e+00]
INFO:__main__:params [ 6.08283524e-01 -5.02929862e+00  9.86895343e-01  4.46243583e+01
  1.19484488e+01  1.96878776e+00  3.97977191e+03  7.99559082e+03
  1.02679328e+00]
INFO:__main__:visc disk time : 47.79301929473877
INFO:__main__:magnetosphere time : 5.3801589012146
INFO:__main__:dust disk time : 1.1082215309143066
INFO:__main__:photosphere time : 0.02003312110900879
INFO:__main__:model run .. time taken 54.36428165435791 s,
 params [ 6.08283524e-01 -5.02929862e+00  9.86895343e-01  4.46243583e+01
  1.19484488e+01  1.96878776e+00  3.97977191e+03  7.99559082e+03
  1.02679328e+00]
INFO:__main__:params [ 7.22077251e-01 -4.40630413e+00  9.46949001e-01  4.23703777e+01
  1.26355433e+01  1.87638060e+00  4.04907357e+03  7.94893973e+03
  9.55596004e-01]
INFO:__main__:visc disk time : 48.39173650741577
INFO:__main__:magnetosphere time : 5.404412746429443
INFO:__main__:dust disk time : 1.1259987354278564
INFO:__main__:photosphere time : 0.015270233154296875
INFO:__main__:model run .. time taken 54.99821448326111 s,
 params [ 7.22077251e-01 -4.40630413e+00  9.46949001e-01  4.23703777e+01
  1.26355433e+01  1.87638060e+00  4.04907357e+03  7.94893973e+03
  9.55596004e-01]
INFO:__main__:params [ 2.97213554e-01 -4.74005896e+00  9.24379368e-01  1.52498820e+01
  1.20356405e+01  1.99193433e+00  4.15275992e+03  7.94139711e+03
  1.00456552e+00]
INFO:__main__:visc disk time : 73.44810914993286
INFO:__main__:magnetosphere time : 2.9631011486053467
INFO:__main__:dust disk time : 0.6724257469177246
INFO:__main__:photosphere time : 0.010970115661621094
INFO:__main__:model run .. time taken 77.13418197631836 s,
 params [ 2.97213554e-01 -4.74005896e+00  9.24379368e-01  1.52498820e+01
  1.20356405e+01  1.99193433e+00  4.15275992e+03  7.94139711e+03
  1.00456552e+00]
INFO:__main__:params [ 4.96648609e-01 -5.23303892e+00  9.92210507e-01  6.19841434e+01
  1.24226389e+01  2.03194948e+00  4.00588555e+03  8.29537450e+03
  1.03258647e+00]
INFO:__main__:visc disk time : 39.230342864990234
INFO:__main__:magnetosphere time : 7.606740713119507
INFO:__main__:dust disk time : 1.8035132884979248
INFO:__main__:photosphere time : 0.028610706329345703
INFO:__main__:model run .. time taken 48.758551836013794 s,
 params [ 4.96648609e-01 -5.23303892e+00  9.92210507e-01  6.19841434e+01
  1.24226389e+01  2.03194948e+00  4.00588555e+03  8.29537450e+03
  1.03258647e+00]
INFO:__main__:params [ 8.37783407e-01 -5.20398690e+00  9.63459926e-01  5.50566616e+01
  1.19772992e+01  1.94454094e+00  3.78629739e+03  7.61718389e+03
  1.00898530e+00]
INFO:__main__:visc disk time : 39.79997229576111
INFO:__main__:magnetosphere time : 7.478899240493774
INFO:__main__:dust disk time : 1.8649780750274658
INFO:__main__:photosphere time : 0.024694442749023438
INFO:__main__:model run .. time taken 49.24850678443909 s,
 params [ 8.37783407e-01 -5.20398690e+00  9.63459926e-01  5.50566616e+01
  1.19772992e+01  1.94454094e+00  3.78629739e+03  7.61718389e+03
  1.00898530e+00]
INFO:__main__:params [ 9.31183756e-01 -5.27824607e+00  1.03109007e+00  4.98421077e+01
  1.18054264e+01  2.15461407e+00  4.26197253e+03  7.62779376e+03
  1.02668376e+00]
INFO:__main__:visc disk time : 40.201879262924194
INFO:__main__:magnetosphere time : 9.07056713104248
INFO:__main__:dust disk time : 1.775224208831787
INFO:__main__:photosphere time : 0.023722410202026367
INFO:__main__:model run .. time taken 51.148106813430786 s,
 params [ 9.31183756e-01 -5.27824607e+00  1.03109007e+00  4.98421077e+01
  1.18054264e+01  2.15461407e+00  4.26197253e+03  7.62779376e+03
  1.02668376e+00]
INFO:__main__:params [ 7.01018870e-01 -4.73353280e+00  9.97481803e-01  5.45263001e+01
  1.21598805e+01  2.04234513e+00  3.97402499e+03  7.96554547e+03
  9.74610210e-01]
INFO:__main__:visc disk time : 46.30168390274048
INFO:__main__:magnetosphere time : 7.377851724624634
INFO:__main__:dust disk time : 1.3530380725860596
INFO:__main__:photosphere time : 0.019958019256591797
INFO:__main__:model run .. time taken 55.113781452178955 s,
 params [ 7.01018870e-01 -4.73353280e+00  9.97481803e-01  5.45263001e+01
  1.21598805e+01  2.04234513e+00  3.97402499e+03  7.96554547e+03
  9.74610210e-01]
INFO:__main__:params [ 4.42377695e-01 -4.81946249e+00  9.77238953e-01  5.71660030e+01
  1.19174844e+01  1.98301722e+00  3.92872580e+03  8.02735372e+03
  1.02925046e+00]
INFO:__main__:visc disk time : 47.485559940338135
INFO:__main__:magnetosphere time : 6.226314544677734
INFO:__main__:dust disk time : 1.362302541732788
INFO:__main__:photosphere time : 0.01636815071105957
INFO:__main__:model run .. time taken 55.15141725540161 s,
 params [ 4.42377695e-01 -4.81946249e+00  9.77238953e-01  5.71660030e+01
  1.19174844e+01  1.98301722e+00  3.92872580e+03  8.02735372e+03
  1.02925046e+00]
INFO:__main__:params [ 2.08243295e-01 -4.76226114e+00  9.04289060e-01  7.44876941e+01
  1.16238389e+01  2.06517868e+00  3.94904268e+03  8.14231814e+03
  1.01607960e+00]
INFO:__main__:visc disk time : 51.07679462432861
INFO:__main__:magnetosphere time : 5.288977146148682
INFO:__main__:dust disk time : 0.9869391918182373
INFO:__main__:photosphere time : 0.020459413528442383
INFO:__main__:model run .. time taken 57.43483519554138 s,
 params [ 2.08243295e-01 -4.76226114e+00  9.04289060e-01  7.44876941e+01
  1.16238389e+01  2.06517868e+00  3.94904268e+03  8.14231814e+03
  1.01607960e+00]
